<?xml version="1.0" encoding="UTF-8"?>
<coverage generated="1658261109358" clover="3.2.0">
  <project timestamp="1658261109358" name="All files">
    <metrics statements="324" coveredstatements="315" conditionals="224" coveredconditionals="213" methods="53" coveredmethods="50" elements="601" coveredelements="578" complexity="0" loc="324" ncloc="324" packages="4" files="7" classes="7"/>
    <package name="src">
      <metrics statements="128" coveredstatements="128" conditionals="95" coveredconditionals="95" methods="6" coveredmethods="6"/>
      <file name="helper.js" path="/Users/paulinez/connect-four-react/client/src/helper.js">
        <metrics statements="128" coveredstatements="128" conditionals="95" coveredconditionals="95" methods="6" coveredmethods="6"/>
        <line num="2" count="5" type="stmt"/>
        <line num="3" count="5" type="stmt"/>
        <line num="4" count="5" type="stmt"/>
        <line num="6" count="5" type="cond" truecount="2" falsecount="0"/>
        <line num="7" count="11" type="stmt"/>
        <line num="8" count="11" type="stmt"/>
        <line num="9" count="11" type="stmt"/>
        <line num="10" count="64" type="stmt"/>
        <line num="11" count="64" type="stmt"/>
        <line num="13" count="11" type="stmt"/>
        <line num="16" count="5" type="stmt"/>
        <line num="18" count="5" type="stmt"/>
        <line num="19" count="6" type="stmt"/>
        <line num="20" count="6" type="stmt"/>
        <line num="21" count="6" type="stmt"/>
        <line num="22" count="6" type="stmt"/>
        <line num="23" count="6" type="stmt"/>
        <line num="24" count="38" type="stmt"/>
        <line num="25" count="38" type="stmt"/>
        <line num="27" count="6" type="stmt"/>
        <line num="30" count="5" type="stmt"/>
        <line num="32" count="5" type="stmt"/>
        <line num="33" count="15095018" type="stmt"/>
        <line num="35" count="15095018" type="stmt"/>
        <line num="36" count="15095018" type="stmt"/>
        <line num="37" count="15095018" type="stmt"/>
        <line num="38" count="15095018" type="stmt"/>
        <line num="41" count="15095018" type="stmt"/>
        <line num="42" count="15095018" type="stmt"/>
        <line num="43" count="15095018" type="stmt"/>
        <line num="44" count="15095018" type="stmt"/>
        <line num="47" count="15095018" type="stmt"/>
        <line num="48" count="15095018" type="stmt"/>
        <line num="49" count="15095018" type="stmt"/>
        <line num="50" count="15095018" type="stmt"/>
        <line num="51" count="15095018" type="stmt"/>
        <line num="52" count="15095018" type="stmt"/>
        <line num="53" count="15095018" type="stmt"/>
        <line num="54" count="15095018" type="stmt"/>
        <line num="56" count="15095018" type="cond" truecount="8" falsecount="0"/>
        <line num="57" count="31456355" type="stmt"/>
        <line num="58" count="121759433" type="cond" truecount="2" falsecount="0"/>
        <line num="59" count="29783649" type="stmt"/>
        <line num="61" count="29783649" type="cond" truecount="2" falsecount="0"/>
        <line num="62" count="15095019" type="cond" truecount="2" falsecount="0"/>
        <line num="65" count="29783649" type="cond" truecount="2" falsecount="0"/>
        <line num="66" count="22365652" type="cond" truecount="2" falsecount="0"/>
        <line num="69" count="29783649" type="cond" truecount="2" falsecount="0"/>
        <line num="70" count="18229650" type="cond" truecount="2" falsecount="0"/>
        <line num="73" count="29783649" type="cond" truecount="2" falsecount="0"/>
        <line num="74" count="17631535" type="cond" truecount="2" falsecount="0"/>
        <line num="77" count="29783649" type="cond" truecount="2" falsecount="0"/>
        <line num="78" count="16535570" type="cond" truecount="2" falsecount="0"/>
        <line num="81" count="29783649" type="cond" truecount="2" falsecount="0"/>
        <line num="82" count="18305383" type="cond" truecount="2" falsecount="0"/>
        <line num="85" count="29783649" type="cond" truecount="2" falsecount="0"/>
        <line num="86" count="16267049" type="cond" truecount="2" falsecount="0"/>
        <line num="89" count="29783649" type="cond" truecount="2" falsecount="0"/>
        <line num="90" count="18301702" type="cond" truecount="2" falsecount="0"/>
        <line num="92" count="29783649" type="stmt"/>
        <line num="93" count="29783649" type="stmt"/>
        <line num="94" count="29783649" type="stmt"/>
        <line num="95" count="29783649" type="stmt"/>
        <line num="97" count="13422312" type="cond" truecount="4" falsecount="0"/>
        <line num="100" count="5" type="stmt"/>
        <line num="102" count="11" type="stmt"/>
        <line num="103" count="11" type="stmt"/>
        <line num="104" count="11" type="stmt"/>
        <line num="106" count="11" type="stmt"/>
        <line num="108" count="11" type="stmt"/>
        <line num="109" count="77" type="cond" truecount="2" falsecount="0"/>
        <line num="110" count="64" type="stmt"/>
        <line num="111" count="64" type="stmt"/>
        <line num="112" count="64" type="stmt"/>
        <line num="113" count="64" type="stmt"/>
        <line num="114" count="64" type="stmt"/>
        <line num="115" count="64" type="stmt"/>
        <line num="116" count="64" type="cond" truecount="2" falsecount="0"/>
        <line num="121" count="19" type="stmt"/>
        <line num="122" count="19" type="stmt"/>
        <line num="123" count="19" type="stmt"/>
        <line num="124" count="19" type="stmt"/>
        <line num="125" count="45" type="cond" truecount="4" falsecount="0"/>
        <line num="126" count="25" type="stmt"/>
        <line num="129" count="11" type="stmt"/>
        <line num="141" count="11" type="stmt"/>
        <line num="144" count="5" type="stmt"/>
        <line num="145" count="15094997" type="stmt"/>
        <line num="146" count="15094997" type="cond" truecount="4" falsecount="0"/>
        <line num="148" count="1476001" type="stmt"/>
        <line num="150" count="196697" type="stmt"/>
        <line num="152" count="10" type="stmt"/>
        <line num="154" count="13422289" type="cond" truecount="2" falsecount="0"/>
        <line num="155" count="2319417" type="cond" truecount="2" falsecount="0"/>
        <line num="156" count="2319417" type="stmt"/>
        <line num="159" count="2319417" type="cond" truecount="2" falsecount="0"/>
        <line num="160" count="1983983" type="stmt"/>
        <line num="161" count="1983983" type="stmt"/>
        <line num="162" count="1983983" type="stmt"/>
        <line num="163" count="1983983" type="stmt"/>
        <line num="164" count="13887881" type="cond" truecount="2" falsecount="0"/>
        <line num="165" count="12914317" type="stmt"/>
        <line num="166" count="12914317" type="stmt"/>
        <line num="167" count="12914317" type="stmt"/>
        <line num="168" count="12914317" type="stmt"/>
        <line num="169" count="12914317" type="stmt"/>
        <line num="170" count="12914317" type="stmt"/>
        <line num="171" count="12914317" type="cond" truecount="2" falsecount="0"/>
        <line num="176" count="2683346" type="stmt"/>
        <line num="177" count="2683346" type="stmt"/>
        <line num="178" count="2683346" type="stmt"/>
        <line num="181" count="1983983" type="stmt"/>
        <line num="183" count="335434" type="stmt"/>
        <line num="184" count="335434" type="stmt"/>
        <line num="185" count="335434" type="stmt"/>
        <line num="186" count="335434" type="stmt"/>
        <line num="187" count="2348038" type="cond" truecount="2" falsecount="0"/>
        <line num="188" count="2180616" type="stmt"/>
        <line num="189" count="2180616" type="stmt"/>
        <line num="190" count="2180616" type="stmt"/>
        <line num="191" count="2180616" type="stmt"/>
        <line num="192" count="2180616" type="stmt"/>
        <line num="193" count="2180616" type="stmt"/>
        <line num="194" count="2180616" type="cond" truecount="2" falsecount="0"/>
        <line num="199" count="554797" type="stmt"/>
        <line num="200" count="554797" type="stmt"/>
        <line num="201" count="554797" type="stmt"/>
        <line num="204" count="335434" type="stmt"/>
      </file>
    </package>
    <package name="src.UI">
      <metrics statements="4" coveredstatements="4" conditionals="8" coveredconditionals="8" methods="4" coveredmethods="4"/>
      <file name="CustomButton.js" path="/Users/paulinez/connect-four-react/client/src/UI/CustomButton.js">
        <metrics statements="2" coveredstatements="2" conditionals="6" coveredconditionals="6" methods="2" coveredmethods="2"/>
        <line num="5" count="112" type="stmt"/>
        <line num="13" count="11" type="cond" truecount="2" falsecount="0"/>
      </file>
      <file name="Square.js" path="/Users/paulinez/connect-four-react/client/src/UI/Square.js">
        <metrics statements="2" coveredstatements="2" conditionals="2" coveredconditionals="2" methods="2" coveredmethods="2"/>
        <line num="4" count="1848" type="stmt"/>
        <line num="5" count="11" type="stmt"/>
      </file>
    </package>
    <package name="src.contexts">
      <metrics statements="2" coveredstatements="2" conditionals="0" coveredconditionals="0" methods="0" coveredmethods="0"/>
      <file name="socket.js" path="/Users/paulinez/connect-four-react/client/src/contexts/socket.js">
        <metrics statements="2" coveredstatements="2" conditionals="0" coveredconditionals="0" methods="0" coveredmethods="0"/>
        <line num="3" count="5" type="stmt"/>
        <line num="4" count="5" type="stmt"/>
      </file>
    </package>
    <package name="src.screen">
      <metrics statements="190" coveredstatements="181" conditionals="121" coveredconditionals="110" methods="43" coveredmethods="40"/>
      <file name="Dashboard.js" path="/Users/paulinez/connect-four-react/client/src/screen/Dashboard.js">
        <metrics statements="16" coveredstatements="16" conditionals="10" coveredconditionals="10" methods="4" coveredmethods="4"/>
        <line num="9" count="9" type="stmt"/>
        <line num="10" count="9" type="stmt"/>
        <line num="11" count="9" type="stmt"/>
        <line num="12" count="9" type="cond" truecount="2" falsecount="0"/>
        <line num="13" count="9" type="stmt"/>
        <line num="15" count="9" type="stmt"/>
        <line num="16" count="2" type="stmt"/>
        <line num="17" count="2" type="stmt"/>
        <line num="18" count="2" type="stmt"/>
        <line num="19" count="1" type="stmt"/>
        <line num="21" count="1" type="stmt"/>
        <line num="25" count="9" type="stmt"/>
        <line num="26" count="1" type="stmt"/>
        <line num="29" count="9" type="stmt"/>
        <line num="30" count="1" type="stmt"/>
        <line num="33" count="9" type="stmt"/>
      </file>
      <file name="Game.js" path="/Users/paulinez/connect-four-react/client/src/screen/Game.js">
        <metrics statements="107" coveredstatements="104" conditionals="67" coveredconditionals="63" methods="22" coveredmethods="21"/>
        <line num="8" count="40" type="cond" truecount="2" falsecount="0"/>
        <line num="9" count="40" type="cond" truecount="2" falsecount="0"/>
        <line num="10" count="40" type="stmt"/>
        <line num="11" count="40" type="stmt"/>
        <line num="12" count="40" type="stmt"/>
        <line num="13" count="40" type="cond" truecount="2" falsecount="0"/>
        <line num="14" count="40" type="stmt"/>
        <line num="15" count="40" type="stmt"/>
        <line num="16" count="40" type="cond" truecount="2" falsecount="0"/>
        <line num="17" count="40" type="stmt"/>
        <line num="18" count="40" type="stmt"/>
        <line num="20" count="40" type="stmt"/>
        <line num="21" count="40" type="stmt"/>
        <line num="22" count="40" type="stmt"/>
        <line num="24" count="40" type="stmt"/>
        <line num="25" count="22" type="cond" truecount="2" falsecount="0"/>
        <line num="28" count="40" type="stmt"/>
        <line num="29" count="40" type="stmt"/>
        <line num="31" count="40" type="stmt"/>
        <line num="32" count="5" type="stmt"/>
        <line num="33" count="5" type="stmt"/>
        <line num="36" count="40" type="stmt"/>
        <line num="37" count="5" type="stmt"/>
        <line num="38" count="5" type="stmt"/>
        <line num="41" count="40" type="stmt"/>
        <line num="42" count="3" type="stmt"/>
        <line num="43" count="3" type="cond" truecount="4" falsecount="0"/>
        <line num="44" count="3" type="cond" truecount="2" falsecount="0"/>
        <line num="45" count="2" type="stmt"/>
        <line num="50" count="3" type="stmt"/>
        <line num="53" count="40" type="stmt"/>
        <line num="54" count="17" type="cond" truecount="2" falsecount="0"/>
        <line num="55" count="6" type="stmt"/>
        <line num="56" count="6" type="stmt"/>
        <line num="57" count="5" type="cond" truecount="2" falsecount="0"/>
        <line num="58" count="5" type="cond" truecount="2" falsecount="0"/>
        <line num="59" count="5" type="cond" truecount="4" falsecount="0"/>
        <line num="60" count="4" type="stmt"/>
        <line num="61" count="4" type="stmt"/>
        <line num="62" count="4" type="stmt"/>
        <line num="63" count="4" type="stmt"/>
        <line num="64" count="4" type="stmt"/>
        <line num="65" count="4" type="stmt"/>
        <line num="69" count="6" type="stmt"/>
        <line num="70" count="1" type="stmt"/>
        <line num="71" count="1" type="stmt"/>
        <line num="74" count="6" type="stmt"/>
        <line num="75" count="1" type="stmt"/>
        <line num="78" count="6" type="stmt"/>
        <line num="79" count="4" type="stmt"/>
        <line num="80" count="4" type="stmt"/>
        <line num="83" count="6" type="stmt"/>
        <line num="84" count="2" type="cond" truecount="2" falsecount="0"/>
        <line num="85" count="2" type="stmt"/>
        <line num="86" count="2" type="stmt"/>
        <line num="87" count="2" type="stmt"/>
        <line num="88" count="2" type="stmt"/>
        <line num="90" count="6" type="stmt"/>
        <line num="91" count="6" type="cond" truecount="1" falsecount="1"/>
        <line num="92" count="6" type="stmt"/>
        <line num="93" count="6" type="stmt"/>
        <line num="94" count="6" type="stmt"/>
        <line num="95" count="6" type="stmt"/>
        <line num="96" count="6" type="stmt"/>
        <line num="103" count="40" type="stmt"/>
        <line num="104" count="17" type="cond" truecount="2" falsecount="0"/>
        <line num="105" count="6" type="stmt"/>
        <line num="106" count="0" type="stmt"/>
        <line num="109" count="6" type="stmt"/>
        <line num="110" count="1" type="stmt"/>
        <line num="114" count="17" type="stmt"/>
        <line num="115" count="17" type="cond" truecount="2" falsecount="0"/>
        <line num="116" count="6" type="stmt"/>
        <line num="117" count="6" type="stmt"/>
        <line num="122" count="40" type="stmt"/>
        <line num="123" count="40" type="cond" truecount="2" falsecount="0"/>
        <line num="124" count="5" type="cond" truecount="2" falsecount="0"/>
        <line num="125" count="1" type="stmt"/>
        <line num="126" count="1" type="stmt"/>
        <line num="127" count="4" type="cond" truecount="2" falsecount="0"/>
        <line num="128" count="1" type="stmt"/>
        <line num="130" count="3" type="stmt"/>
        <line num="133" count="5" type="cond" truecount="3" falsecount="1"/>
        <line num="134" count="5" type="stmt"/>
        <line num="136" count="5" type="cond" truecount="2" falsecount="2"/>
        <line num="137" count="0" type="stmt"/>
        <line num="138" count="0" type="stmt"/>
        <line num="140" count="5" type="cond" truecount="2" falsecount="0"/>
        <line num="141" count="5" type="cond" truecount="2" falsecount="0"/>
        <line num="142" count="5" type="cond" truecount="2" falsecount="0"/>
        <line num="143" count="5" type="stmt"/>
        <line num="144" count="5" type="stmt"/>
        <line num="145" count="5" type="stmt"/>
        <line num="149" count="40" type="stmt"/>
        <line num="150" count="36" type="cond" truecount="2" falsecount="0"/>
        <line num="151" count="4" type="stmt"/>
        <line num="152" count="4" type="cond" truecount="5" falsecount="0"/>
        <line num="153" count="4" type="stmt"/>
        <line num="154" count="4" type="stmt"/>
        <line num="155" count="4" type="stmt"/>
        <line num="156" count="4" type="stmt"/>
        <line num="157" count="4" type="stmt"/>
        <line num="158" count="4" type="stmt"/>
        <line num="159" count="4" type="stmt"/>
        <line num="160" count="4" type="stmt"/>
        <line num="164" count="40" type="stmt"/>
        <line num="217" count="4" type="cond" truecount="2" falsecount="0"/>
      </file>
      <file name="Grid.js" path="/Users/paulinez/connect-four-react/client/src/screen/Grid.js">
        <metrics statements="67" coveredstatements="61" conditionals="44" coveredconditionals="37" methods="17" coveredmethods="15"/>
        <line num="13" count="3" type="stmt"/>
        <line num="25" count="47" type="stmt"/>
        <line num="26" count="47" type="stmt"/>
        <line num="27" count="47" type="cond" truecount="2" falsecount="0"/>
        <line num="29" count="47" type="stmt"/>
        <line num="30" count="13" type="cond" truecount="2" falsecount="0"/>
        <line num="34" count="47" type="stmt"/>
        <line num="35" count="13" type="cond" truecount="2" falsecount="0"/>
        <line num="39" count="47" type="stmt"/>
        <line num="40" count="47" type="stmt"/>
        <line num="45" count="47" type="stmt"/>
        <line num="46" count="2" type="stmt"/>
        <line num="47" count="2" type="stmt"/>
        <line num="48" count="2" type="cond" truecount="3" falsecount="1"/>
        <line num="49" count="2" type="stmt"/>
        <line num="50" count="1" type="stmt"/>
        <line num="55" count="47" type="stmt"/>
        <line num="56" count="36" type="stmt"/>
        <line num="57" count="6" type="stmt"/>
        <line num="58" count="6" type="stmt"/>
        <line num="59" count="6" type="stmt"/>
        <line num="60" count="6" type="stmt"/>
        <line num="61" count="6" type="stmt"/>
        <line num="62" count="6" type="cond" truecount="2" falsecount="0"/>
        <line num="63" count="3" type="stmt"/>
        <line num="65" count="3" type="cond" truecount="2" falsecount="0"/>
        <line num="66" count="3" type="stmt"/>
        <line num="67" count="3" type="stmt"/>
        <line num="68" count="3" type="stmt"/>
        <line num="72" count="47" type="stmt"/>
        <line num="73" count="11" type="cond" truecount="3" falsecount="1"/>
        <line num="74" count="11" type="cond" truecount="2" falsecount="0"/>
        <line num="76" count="60" type="stmt"/>
        <line num="77" count="10" type="stmt"/>
        <line num="78" count="10" type="stmt"/>
        <line num="79" count="10" type="stmt"/>
        <line num="80" count="10" type="stmt"/>
        <line num="81" count="10" type="cond" truecount="2" falsecount="0"/>
        <line num="82" count="2" type="cond" truecount="1" falsecount="1"/>
        <line num="83" count="2" type="stmt"/>
        <line num="85" count="8" type="stmt"/>
        <line num="86" count="8" type="stmt"/>
        <line num="87" count="8" type="cond" truecount="2" falsecount="0"/>
        <line num="88" count="8" type="stmt"/>
        <line num="89" count="8" type="stmt"/>
        <line num="90" count="8" type="cond" truecount="1" falsecount="1"/>
        <line num="91" count="8" type="stmt"/>
        <line num="92" count="5" type="stmt"/>
        <line num="96" count="10" type="cond" truecount="1" falsecount="1"/>
        <line num="101" count="47" type="stmt"/>
        <line num="102" count="13" type="cond" truecount="2" falsecount="0"/>
        <line num="103" count="2" type="stmt"/>
        <line num="105" count="2" type="stmt"/>
        <line num="106" count="0" type="stmt"/>
        <line num="107" count="0" type="stmt"/>
        <line num="108" count="0" type="stmt"/>
        <line num="111" count="2" type="stmt"/>
        <line num="112" count="0" type="cond" truecount="0" falsecount="2"/>
        <line num="113" count="0" type="stmt"/>
        <line num="114" count="0" type="stmt"/>
        <line num="118" count="13" type="stmt"/>
        <line num="119" count="13" type="cond" truecount="2" falsecount="0"/>
        <line num="120" count="2" type="stmt"/>
        <line num="121" count="2" type="stmt"/>
        <line num="126" count="47" type="stmt"/>
        <line num="131" count="282" type="stmt"/>
        <line num="133" count="1974" type="stmt"/>
      </file>
    </package>
  </project>
</coverage>
