<?xml version="1.0" encoding="UTF-8"?>
<coverage generated="1658176433692" clover="3.2.0">
  <project timestamp="1658176433692" name="All files">
    <metrics statements="324" coveredstatements="254" conditionals="220" coveredconditionals="166" methods="54" coveredmethods="37" elements="598" coveredelements="457" complexity="0" loc="324" ncloc="324" packages="4" files="8" classes="8"/>
    <package name="src">
      <metrics statements="128" coveredstatements="128" conditionals="95" coveredconditionals="95" methods="6" coveredmethods="6"/>
      <file name="helper.js" path="/Users/paulinez/connect-four-react/client/src/helper.js">
        <metrics statements="128" coveredstatements="128" conditionals="95" coveredconditionals="95" methods="6" coveredmethods="6"/>
        <line num="2" count="5" type="stmt"/>
        <line num="3" count="5" type="stmt"/>
        <line num="4" count="5" type="stmt"/>
        <line num="6" count="5" type="cond" truecount="2" falsecount="0"/>
        <line num="7" count="11" type="stmt"/>
        <line num="8" count="11" type="stmt"/>
        <line num="9" count="11" type="stmt"/>
        <line num="10" count="64" type="stmt"/>
        <line num="11" count="64" type="stmt"/>
        <line num="13" count="11" type="stmt"/>
        <line num="16" count="5" type="stmt"/>
        <line num="18" count="5" type="stmt"/>
        <line num="19" count="6" type="stmt"/>
        <line num="20" count="6" type="stmt"/>
        <line num="21" count="6" type="stmt"/>
        <line num="22" count="6" type="stmt"/>
        <line num="23" count="6" type="stmt"/>
        <line num="24" count="38" type="stmt"/>
        <line num="25" count="38" type="stmt"/>
        <line num="27" count="6" type="stmt"/>
        <line num="30" count="5" type="stmt"/>
        <line num="32" count="5" type="stmt"/>
        <line num="33" count="9275713" type="stmt"/>
        <line num="35" count="9275713" type="stmt"/>
        <line num="36" count="9275713" type="stmt"/>
        <line num="37" count="9275713" type="stmt"/>
        <line num="38" count="9275713" type="stmt"/>
        <line num="41" count="9275713" type="stmt"/>
        <line num="42" count="9275713" type="stmt"/>
        <line num="43" count="9275713" type="stmt"/>
        <line num="44" count="9275713" type="stmt"/>
        <line num="47" count="9275713" type="stmt"/>
        <line num="48" count="9275713" type="stmt"/>
        <line num="49" count="9275713" type="stmt"/>
        <line num="50" count="9275713" type="stmt"/>
        <line num="51" count="9275713" type="stmt"/>
        <line num="52" count="9275713" type="stmt"/>
        <line num="53" count="9275713" type="stmt"/>
        <line num="54" count="9275713" type="stmt"/>
        <line num="56" count="9275713" type="cond" truecount="8" falsecount="0"/>
        <line num="57" count="18526261" type="stmt"/>
        <line num="58" count="71967912" type="cond" truecount="2" falsecount="0"/>
        <line num="59" count="17717320" type="stmt"/>
        <line num="61" count="17717320" type="cond" truecount="2" falsecount="0"/>
        <line num="62" count="9275714" type="cond" truecount="2" falsecount="0"/>
        <line num="65" count="17717320" type="cond" truecount="2" falsecount="0"/>
        <line num="66" count="13553740" type="cond" truecount="2" falsecount="0"/>
        <line num="69" count="17717320" type="cond" truecount="2" falsecount="0"/>
        <line num="70" count="11482193" type="cond" truecount="2" falsecount="0"/>
        <line num="73" count="17717320" type="cond" truecount="2" falsecount="0"/>
        <line num="74" count="10358960" type="cond" truecount="2" falsecount="0"/>
        <line num="77" count="17717320" type="cond" truecount="2" falsecount="0"/>
        <line num="78" count="10375410" type="cond" truecount="2" falsecount="0"/>
        <line num="81" count="17717320" type="cond" truecount="2" falsecount="0"/>
        <line num="82" count="10657044" type="cond" truecount="2" falsecount="0"/>
        <line num="85" count="17717320" type="cond" truecount="2" falsecount="0"/>
        <line num="86" count="9660716" type="cond" truecount="2" falsecount="0"/>
        <line num="89" count="17717320" type="cond" truecount="2" falsecount="0"/>
        <line num="90" count="11593548" type="cond" truecount="2" falsecount="0"/>
        <line num="92" count="17717320" type="stmt"/>
        <line num="93" count="17717320" type="stmt"/>
        <line num="94" count="17717320" type="stmt"/>
        <line num="95" count="17717320" type="stmt"/>
        <line num="97" count="8466772" type="cond" truecount="4" falsecount="0"/>
        <line num="100" count="5" type="stmt"/>
        <line num="102" count="5" type="stmt"/>
        <line num="103" count="5" type="stmt"/>
        <line num="104" count="5" type="stmt"/>
        <line num="106" count="5" type="stmt"/>
        <line num="108" count="5" type="stmt"/>
        <line num="109" count="35" type="cond" truecount="2" falsecount="0"/>
        <line num="110" count="25" type="stmt"/>
        <line num="111" count="25" type="stmt"/>
        <line num="112" count="25" type="stmt"/>
        <line num="113" count="25" type="stmt"/>
        <line num="114" count="25" type="stmt"/>
        <line num="115" count="25" type="stmt"/>
        <line num="116" count="25" type="cond" truecount="2" falsecount="0"/>
        <line num="121" count="7" type="stmt"/>
        <line num="122" count="7" type="stmt"/>
        <line num="123" count="7" type="stmt"/>
        <line num="124" count="7" type="stmt"/>
        <line num="125" count="18" type="cond" truecount="4" falsecount="0"/>
        <line num="126" count="1" type="stmt"/>
        <line num="129" count="5" type="stmt"/>
        <line num="141" count="5" type="stmt"/>
        <line num="144" count="5" type="stmt"/>
        <line num="145" count="9275708" type="stmt"/>
        <line num="146" count="9275708" type="cond" truecount="4" falsecount="0"/>
        <line num="148" count="714724" type="stmt"/>
        <line num="150" count="94213" type="stmt"/>
        <line num="152" count="10" type="stmt"/>
        <line num="154" count="8466761" type="cond" truecount="2" falsecount="0"/>
        <line num="155" count="1339772" type="cond" truecount="2" falsecount="0"/>
        <line num="156" count="1339772" type="stmt"/>
        <line num="159" count="1339772" type="cond" truecount="2" falsecount="0"/>
        <line num="160" count="1159264" type="stmt"/>
        <line num="161" count="1159264" type="stmt"/>
        <line num="162" count="1159264" type="stmt"/>
        <line num="163" count="1159264" type="stmt"/>
        <line num="164" count="8114848" type="cond" truecount="2" falsecount="0"/>
        <line num="165" count="8022231" type="stmt"/>
        <line num="166" count="8022231" type="stmt"/>
        <line num="167" count="8022231" type="stmt"/>
        <line num="168" count="8022231" type="stmt"/>
        <line num="169" count="8022231" type="stmt"/>
        <line num="170" count="8022231" type="stmt"/>
        <line num="171" count="8022231" type="cond" truecount="2" falsecount="0"/>
        <line num="176" count="1267897" type="stmt"/>
        <line num="177" count="1267897" type="stmt"/>
        <line num="178" count="1267897" type="stmt"/>
        <line num="181" count="1159264" type="stmt"/>
        <line num="183" count="180508" type="stmt"/>
        <line num="184" count="180508" type="stmt"/>
        <line num="185" count="180508" type="stmt"/>
        <line num="186" count="180508" type="stmt"/>
        <line num="187" count="1263556" type="cond" truecount="2" falsecount="0"/>
        <line num="188" count="1253452" type="stmt"/>
        <line num="189" count="1253452" type="stmt"/>
        <line num="190" count="1253452" type="stmt"/>
        <line num="191" count="1253452" type="stmt"/>
        <line num="192" count="1253452" type="stmt"/>
        <line num="193" count="1253452" type="stmt"/>
        <line num="194" count="1253452" type="cond" truecount="2" falsecount="0"/>
        <line num="199" count="264952" type="stmt"/>
        <line num="200" count="264952" type="stmt"/>
        <line num="201" count="264952" type="stmt"/>
        <line num="204" count="180508" type="stmt"/>
      </file>
    </package>
    <package name="src.UI">
      <metrics statements="5" coveredstatements="5" conditionals="8" coveredconditionals="8" methods="5" coveredmethods="5"/>
      <file name="CustomButton.js" path="/Users/paulinez/connect-four-react/client/src/UI/CustomButton.js">
        <metrics statements="2" coveredstatements="2" conditionals="6" coveredconditionals="6" methods="2" coveredmethods="2"/>
        <line num="5" count="26" type="stmt"/>
        <line num="13" count="3" type="cond" truecount="2" falsecount="0"/>
      </file>
      <file name="CustomLink.js" path="/Users/paulinez/connect-four-react/client/src/UI/CustomLink.js">
        <metrics statements="1" coveredstatements="1" conditionals="0" coveredconditionals="0" methods="1" coveredmethods="1"/>
        <line num="5" count="1" type="stmt"/>
      </file>
      <file name="Square.js" path="/Users/paulinez/connect-four-react/client/src/UI/Square.js">
        <metrics statements="2" coveredstatements="2" conditionals="2" coveredconditionals="2" methods="2" coveredmethods="2"/>
        <line num="4" count="2" type="stmt"/>
        <line num="5" count="1" type="stmt"/>
      </file>
    </package>
    <package name="src.contexts">
      <metrics statements="2" coveredstatements="2" conditionals="0" coveredconditionals="0" methods="0" coveredmethods="0"/>
      <file name="socket.js" path="/Users/paulinez/connect-four-react/client/src/contexts/socket.js">
        <metrics statements="2" coveredstatements="2" conditionals="0" coveredconditionals="0" methods="0" coveredmethods="0"/>
        <line num="3" count="4" type="stmt"/>
        <line num="4" count="4" type="stmt"/>
      </file>
    </package>
    <package name="src.screen">
      <metrics statements="189" coveredstatements="119" conditionals="117" coveredconditionals="63" methods="43" coveredmethods="26"/>
      <file name="Dashboard.js" path="/Users/paulinez/connect-four-react/client/src/screen/Dashboard.js">
        <metrics statements="16" coveredstatements="9" conditionals="10" coveredconditionals="6" methods="4" coveredmethods="1"/>
        <line num="9" count="1" type="stmt"/>
        <line num="10" count="1" type="stmt"/>
        <line num="11" count="1" type="stmt"/>
        <line num="12" count="1" type="cond" truecount="2" falsecount="0"/>
        <line num="13" count="1" type="stmt"/>
        <line num="15" count="1" type="stmt"/>
        <line num="16" count="0" type="stmt"/>
        <line num="17" count="0" type="stmt"/>
        <line num="18" count="0" type="stmt"/>
        <line num="19" count="0" type="stmt"/>
        <line num="21" count="0" type="stmt"/>
        <line num="25" count="1" type="stmt"/>
        <line num="26" count="0" type="stmt"/>
        <line num="29" count="1" type="stmt"/>
        <line num="30" count="0" type="stmt"/>
        <line num="33" count="1" type="stmt"/>
      </file>
      <file name="Game.js" path="/Users/paulinez/connect-four-react/client/src/screen/Game.js">
        <metrics statements="106" coveredstatements="85" conditionals="65" coveredconditionals="39" methods="22" coveredmethods="17"/>
        <line num="8" count="12" type="cond" truecount="2" falsecount="0"/>
        <line num="9" count="12" type="cond" truecount="2" falsecount="0"/>
        <line num="10" count="12" type="stmt"/>
        <line num="11" count="12" type="stmt"/>
        <line num="12" count="12" type="stmt"/>
        <line num="13" count="12" type="cond" truecount="2" falsecount="0"/>
        <line num="14" count="12" type="stmt"/>
        <line num="15" count="12" type="stmt"/>
        <line num="16" count="12" type="cond" truecount="2" falsecount="0"/>
        <line num="17" count="12" type="stmt"/>
        <line num="18" count="12" type="stmt"/>
        <line num="20" count="12" type="stmt"/>
        <line num="21" count="12" type="stmt"/>
        <line num="22" count="12" type="stmt"/>
        <line num="24" count="12" type="stmt"/>
        <line num="25" count="10" type="cond" truecount="2" falsecount="0"/>
        <line num="28" count="12" type="stmt"/>
        <line num="29" count="12" type="stmt"/>
        <line num="31" count="12" type="stmt"/>
        <line num="32" count="0" type="stmt"/>
        <line num="33" count="0" type="stmt"/>
        <line num="36" count="12" type="stmt"/>
        <line num="37" count="1" type="stmt"/>
        <line num="38" count="1" type="stmt"/>
        <line num="41" count="12" type="stmt"/>
        <line num="42" count="1" type="stmt"/>
        <line num="43" count="1" type="cond" truecount="2" falsecount="2"/>
        <line num="44" count="1" type="cond" truecount="1" falsecount="1"/>
        <line num="45" count="1" type="stmt"/>
        <line num="53" count="12" type="stmt"/>
        <line num="54" count="6" type="cond" truecount="2" falsecount="0"/>
        <line num="55" count="5" type="stmt"/>
        <line num="56" count="5" type="stmt"/>
        <line num="57" count="4" type="cond" truecount="2" falsecount="0"/>
        <line num="58" count="4" type="cond" truecount="2" falsecount="0"/>
        <line num="59" count="4" type="cond" truecount="4" falsecount="0"/>
        <line num="60" count="3" type="stmt"/>
        <line num="61" count="3" type="stmt"/>
        <line num="62" count="3" type="stmt"/>
        <line num="63" count="3" type="stmt"/>
        <line num="64" count="3" type="stmt"/>
        <line num="65" count="3" type="stmt"/>
        <line num="69" count="5" type="stmt"/>
        <line num="70" count="1" type="stmt"/>
        <line num="71" count="1" type="stmt"/>
        <line num="74" count="5" type="stmt"/>
        <line num="75" count="1" type="stmt"/>
        <line num="78" count="5" type="stmt"/>
        <line num="79" count="3" type="stmt"/>
        <line num="80" count="3" type="stmt"/>
        <line num="83" count="5" type="stmt"/>
        <line num="84" count="1" type="cond" truecount="1" falsecount="1"/>
        <line num="85" count="1" type="stmt"/>
        <line num="86" count="1" type="stmt"/>
        <line num="87" count="1" type="stmt"/>
        <line num="88" count="1" type="stmt"/>
        <line num="90" count="5" type="stmt"/>
        <line num="91" count="5" type="cond" truecount="1" falsecount="1"/>
        <line num="92" count="5" type="stmt"/>
        <line num="93" count="5" type="stmt"/>
        <line num="94" count="5" type="stmt"/>
        <line num="95" count="5" type="stmt"/>
        <line num="96" count="5" type="stmt"/>
        <line num="103" count="12" type="stmt"/>
        <line num="104" count="6" type="cond" truecount="2" falsecount="0"/>
        <line num="105" count="5" type="stmt"/>
        <line num="106" count="0" type="stmt"/>
        <line num="109" count="5" type="stmt"/>
        <line num="110" count="0" type="stmt"/>
        <line num="114" count="6" type="stmt"/>
        <line num="115" count="6" type="cond" truecount="2" falsecount="0"/>
        <line num="116" count="5" type="stmt"/>
        <line num="117" count="5" type="stmt"/>
        <line num="122" count="12" type="stmt"/>
        <line num="123" count="12" type="cond" truecount="1" falsecount="1"/>
        <line num="124" count="0" type="cond" truecount="0" falsecount="2"/>
        <line num="125" count="0" type="stmt"/>
        <line num="126" count="0" type="stmt"/>
        <line num="127" count="0" type="cond" truecount="0" falsecount="2"/>
        <line num="128" count="0" type="stmt"/>
        <line num="130" count="0" type="stmt"/>
        <line num="133" count="0" type="cond" truecount="0" falsecount="4"/>
        <line num="134" count="0" type="stmt"/>
        <line num="136" count="0" type="cond" truecount="0" falsecount="4"/>
        <line num="137" count="0" type="stmt"/>
        <line num="138" count="0" type="stmt"/>
        <line num="140" count="0" type="cond" truecount="0" falsecount="2"/>
        <line num="141" count="0" type="cond" truecount="0" falsecount="2"/>
        <line num="142" count="0" type="cond" truecount="0" falsecount="2"/>
        <line num="143" count="0" type="stmt"/>
        <line num="144" count="0" type="stmt"/>
        <line num="145" count="0" type="stmt"/>
        <line num="149" count="12" type="stmt"/>
        <line num="150" count="11" type="cond" truecount="2" falsecount="0"/>
        <line num="151" count="1" type="stmt"/>
        <line num="152" count="1" type="cond" truecount="3" falsecount="2"/>
        <line num="153" count="1" type="stmt"/>
        <line num="154" count="1" type="stmt"/>
        <line num="155" count="1" type="stmt"/>
        <line num="156" count="1" type="stmt"/>
        <line num="157" count="1" type="stmt"/>
        <line num="158" count="1" type="stmt"/>
        <line num="159" count="1" type="stmt"/>
        <line num="160" count="1" type="stmt"/>
        <line num="164" count="12" type="stmt"/>
        <line num="217" count="1" type="stmt"/>
      </file>
      <file name="Grid.js" path="/Users/paulinez/connect-four-react/client/src/screen/Grid.js">
        <metrics statements="67" coveredstatements="25" conditionals="42" coveredconditionals="18" methods="17" coveredmethods="8"/>
        <line num="13" count="3" type="stmt"/>
        <line num="25" count="3" type="stmt"/>
        <line num="26" count="3" type="stmt"/>
        <line num="27" count="3" type="cond" truecount="2" falsecount="0"/>
        <line num="29" count="3" type="stmt"/>
        <line num="30" count="3" type="cond" truecount="2" falsecount="0"/>
        <line num="34" count="3" type="stmt"/>
        <line num="35" count="3" type="cond" truecount="2" falsecount="0"/>
        <line num="39" count="3" type="stmt"/>
        <line num="40" count="3" type="stmt"/>
        <line num="45" count="3" type="stmt"/>
        <line num="46" count="0" type="stmt"/>
        <line num="47" count="0" type="stmt"/>
        <line num="48" count="0" type="cond" truecount="0" falsecount="4"/>
        <line num="49" count="0" type="stmt"/>
        <line num="50" count="0" type="stmt"/>
        <line num="55" count="3" type="stmt"/>
        <line num="56" count="0" type="stmt"/>
        <line num="57" count="0" type="stmt"/>
        <line num="58" count="0" type="stmt"/>
        <line num="59" count="0" type="stmt"/>
        <line num="60" count="0" type="stmt"/>
        <line num="61" count="0" type="stmt"/>
        <line num="62" count="0" type="cond" truecount="0" falsecount="2"/>
        <line num="63" count="0" type="stmt"/>
        <line num="65" count="0" type="cond" truecount="0" falsecount="2"/>
        <line num="66" count="0" type="stmt"/>
        <line num="67" count="0" type="stmt"/>
        <line num="68" count="0" type="stmt"/>
        <line num="72" count="3" type="stmt"/>
        <line num="73" count="0" type="cond" truecount="0" falsecount="4"/>
        <line num="74" count="0" type="cond" truecount="0" falsecount="2"/>
        <line num="76" count="0" type="stmt"/>
        <line num="77" count="0" type="stmt"/>
        <line num="78" count="0" type="stmt"/>
        <line num="79" count="0" type="stmt"/>
        <line num="80" count="0" type="stmt"/>
        <line num="81" count="0" type="cond" truecount="0" falsecount="2"/>
        <line num="82" count="0" type="stmt"/>
        <line num="83" count="0" type="stmt"/>
        <line num="85" count="0" type="stmt"/>
        <line num="86" count="0" type="stmt"/>
        <line num="87" count="0" type="cond" truecount="0" falsecount="2"/>
        <line num="88" count="0" type="stmt"/>
        <line num="89" count="0" type="stmt"/>
        <line num="90" count="0" type="cond" truecount="0" falsecount="2"/>
        <line num="91" count="0" type="stmt"/>
        <line num="92" count="0" type="stmt"/>
        <line num="96" count="0" type="cond" truecount="0" falsecount="2"/>
        <line num="101" count="3" type="stmt"/>
        <line num="102" count="3" type="cond" truecount="2" falsecount="0"/>
        <line num="103" count="2" type="stmt"/>
        <line num="105" count="2" type="stmt"/>
        <line num="106" count="0" type="stmt"/>
        <line num="107" count="0" type="stmt"/>
        <line num="108" count="0" type="stmt"/>
        <line num="111" count="2" type="stmt"/>
        <line num="112" count="0" type="cond" truecount="0" falsecount="2"/>
        <line num="113" count="0" type="stmt"/>
        <line num="114" count="0" type="stmt"/>
        <line num="118" count="3" type="stmt"/>
        <line num="119" count="3" type="cond" truecount="2" falsecount="0"/>
        <line num="120" count="2" type="stmt"/>
        <line num="121" count="2" type="stmt"/>
        <line num="126" count="3" type="stmt"/>
        <line num="131" count="18" type="stmt"/>
        <line num="133" count="126" type="stmt"/>
      </file>
    </package>
  </project>
</coverage>
