{"/Users/paulinez/connect-four-react/client/src/helper.js": {"path":"/Users/paulinez/connect-four-react/client/src/helper.js","statementMap":{"0":{"start":{"line":2,"column":21},"end":{"line":2,"column":22}},"1":{"start":{"line":3,"column":21},"end":{"line":3,"column":22}},"2":{"start":{"line":4,"column":20},"end":{"line":4,"column":21}},"3":{"start":{"line":6,"column":23},"end":{"line":14,"column":1}},"4":{"start":{"line":7,"column":15},"end":{"line":7,"column":17}},"5":{"start":{"line":8,"column":10},"end":{"line":8,"column":11}},"6":{"start":{"line":9,"column":2},"end":{"line":12,"column":3}},"7":{"start":{"line":10,"column":4},"end":{"line":10,"column":35}},"8":{"start":{"line":11,"column":4},"end":{"line":11,"column":8}},"9":{"start":{"line":13,"column":2},"end":{"line":13,"column":14}},"10":{"start":{"line":16,"column":27},"end":{"line":16,"column":36}},"11":{"start":{"line":18,"column":27},"end":{"line":28,"column":1}},"12":{"start":{"line":19,"column":19},"end":{"line":19,"column":33}},"13":{"start":{"line":20,"column":20},"end":{"line":20,"column":35}},"14":{"start":{"line":21,"column":19},"end":{"line":21,"column":21}},"15":{"start":{"line":22,"column":10},"end":{"line":22,"column":11}},"16":{"start":{"line":23,"column":2},"end":{"line":26,"column":3}},"17":{"start":{"line":24,"column":4},"end":{"line":24,"column":29}},"18":{"start":{"line":25,"column":4},"end":{"line":25,"column":8}},"19":{"start":{"line":27,"column":2},"end":{"line":27,"column":18}},"20":{"start":{"line":30,"column":31},"end":{"line":30,"column":53}},"21":{"start":{"line":32,"column":27},"end":{"line":97,"column":1}},"22":{"start":{"line":33,"column":16},"end":{"line":33,"column":30}},"23":{"start":{"line":35,"column":14},"end":{"line":35,"column":21}},"24":{"start":{"line":36,"column":14},"end":{"line":36,"column":21}},"25":{"start":{"line":37,"column":14},"end":{"line":37,"column":21}},"26":{"start":{"line":38,"column":14},"end":{"line":38,"column":21}},"27":{"start":{"line":41,"column":16},"end":{"line":41,"column":17}},"28":{"start":{"line":42,"column":19},"end":{"line":42,"column":20}},"29":{"start":{"line":43,"column":25},"end":{"line":43,"column":26}},"30":{"start":{"line":44,"column":25},"end":{"line":44,"column":26}},"31":{"start":{"line":47,"column":11},"end":{"line":47,"column":15}},"32":{"start":{"line":48,"column":13},"end":{"line":48,"column":17}},"33":{"start":{"line":49,"column":13},"end":{"line":49,"column":17}},"34":{"start":{"line":50,"column":14},"end":{"line":50,"column":18}},"35":{"start":{"line":51,"column":15},"end":{"line":51,"column":19}},"36":{"start":{"line":52,"column":18},"end":{"line":52,"column":22}},"37":{"start":{"line":53,"column":16},"end":{"line":53,"column":20}},"38":{"start":{"line":54,"column":17},"end":{"line":54,"column":21}},"39":{"start":{"line":56,"column":2},"end":{"line":95,"column":3}},"40":{"start":{"line":57,"column":19},"end":{"line":57,"column":76}},"41":{"start":{"line":58,"column":4},"end":{"line":58,"column":57}},"42":{"start":{"line":58,"column":31},"end":{"line":58,"column":41}},"43":{"start":{"line":58,"column":44},"end":{"line":58,"column":57}},"44":{"start":{"line":60,"column":4},"end":{"line":62,"column":5}},"45":{"start":{"line":61,"column":6},"end":{"line":61,"column":62}},"46":{"start":{"line":64,"column":4},"end":{"line":66,"column":5}},"47":{"start":{"line":65,"column":6},"end":{"line":65,"column":64}},"48":{"start":{"line":68,"column":4},"end":{"line":70,"column":5}},"49":{"start":{"line":69,"column":6},"end":{"line":69,"column":65}},"50":{"start":{"line":72,"column":4},"end":{"line":74,"column":5}},"51":{"start":{"line":73,"column":6},"end":{"line":73,"column":66}},"52":{"start":{"line":76,"column":4},"end":{"line":78,"column":5}},"53":{"start":{"line":77,"column":6},"end":{"line":77,"column":77}},"54":{"start":{"line":80,"column":4},"end":{"line":82,"column":5}},"55":{"start":{"line":81,"column":6},"end":{"line":81,"column":80}},"56":{"start":{"line":84,"column":4},"end":{"line":86,"column":5}},"57":{"start":{"line":85,"column":6},"end":{"line":85,"column":78}},"58":{"start":{"line":88,"column":4},"end":{"line":90,"column":5}},"59":{"start":{"line":89,"column":6},"end":{"line":89,"column":79}},"60":{"start":{"line":91,"column":4},"end":{"line":91,"column":12}},"61":{"start":{"line":92,"column":4},"end":{"line":92,"column":12}},"62":{"start":{"line":93,"column":4},"end":{"line":93,"column":12}},"63":{"start":{"line":94,"column":4},"end":{"line":94,"column":12}},"64":{"start":{"line":96,"column":2},"end":{"line":96,"column":55}},"65":{"start":{"line":96,"column":41},"end":{"line":96,"column":55}},"66":{"start":{"line":99,"column":26},"end":{"line":141,"column":1}},"67":{"start":{"line":101,"column":19},"end":{"line":101,"column":20}},"68":{"start":{"line":102,"column":20},"end":{"line":102,"column":34}},"69":{"start":{"line":103,"column":18},"end":{"line":103,"column":20}},"70":{"start":{"line":105,"column":18},"end":{"line":105,"column":26}},"71":{"start":{"line":107,"column":2},"end":{"line":127,"column":3}},"72":{"start":{"line":107,"column":15},"end":{"line":107,"column":16}},"73":{"start":{"line":108,"column":4},"end":{"line":108,"column":46}},"74":{"start":{"line":108,"column":37},"end":{"line":108,"column":46}},"75":{"start":{"line":109,"column":12},"end":{"line":109,"column":23}},"76":{"start":{"line":110,"column":4},"end":{"line":110,"column":19}},"77":{"start":{"line":111,"column":24},"end":{"line":111,"column":82}},"78":{"start":{"line":112,"column":4},"end":{"line":112,"column":20}},"79":{"start":{"line":113,"column":4},"end":{"line":113,"column":19}},"80":{"start":{"line":114,"column":33},"end":{"line":114,"column":46}},"81":{"start":{"line":115,"column":4},"end":{"line":126,"column":5}},"82":{"start":{"line":120,"column":6},"end":{"line":120,"column":21}},"83":{"start":{"line":121,"column":6},"end":{"line":121,"column":28}},"84":{"start":{"line":122,"column":6},"end":{"line":122,"column":28}},"85":{"start":{"line":123,"column":6},"end":{"line":123,"column":29}},"86":{"start":{"line":124,"column":11},"end":{"line":126,"column":5}},"87":{"start":{"line":125,"column":6},"end":{"line":125,"column":29}},"88":{"start":{"line":128,"column":19},"end":{"line":128,"column":63}},"89":{"start":{"line":140,"column":2},"end":{"line":140,"column":31}},"90":{"start":{"line":143,"column":18},"end":{"line":205,"column":1}},"91":{"start":{"line":144,"column":15},"end":{"line":144,"column":42}},"92":{"start":{"line":145,"column":2},"end":{"line":156,"column":3}},"93":{"start":{"line":147,"column":6},"end":{"line":147,"column":25}},"94":{"start":{"line":149,"column":6},"end":{"line":149,"column":26}},"95":{"start":{"line":151,"column":6},"end":{"line":151,"column":24}},"96":{"start":{"line":153,"column":6},"end":{"line":153,"column":41}},"97":{"start":{"line":153,"column":23},"end":{"line":153,"column":41}},"98":{"start":{"line":154,"column":6},"end":{"line":154,"column":46}},"99":{"start":{"line":155,"column":6},"end":{"line":155,"column":12}},"100":{"start":{"line":158,"column":2},"end":{"line":204,"column":3}},"101":{"start":{"line":159,"column":19},"end":{"line":159,"column":21}},"102":{"start":{"line":160,"column":20},"end":{"line":160,"column":28}},"103":{"start":{"line":161,"column":20},"end":{"line":161,"column":29}},"104":{"start":{"line":162,"column":4},"end":{"line":179,"column":5}},"105":{"start":{"line":162,"column":17},"end":{"line":162,"column":18}},"106":{"start":{"line":163,"column":6},"end":{"line":163,"column":48}},"107":{"start":{"line":163,"column":39},"end":{"line":163,"column":48}},"108":{"start":{"line":164,"column":14},"end":{"line":164,"column":25}},"109":{"start":{"line":165,"column":6},"end":{"line":165,"column":21}},"110":{"start":{"line":166,"column":26},"end":{"line":166,"column":86}},"111":{"start":{"line":167,"column":6},"end":{"line":167,"column":22}},"112":{"start":{"line":168,"column":6},"end":{"line":168,"column":21}},"113":{"start":{"line":169,"column":35},"end":{"line":169,"column":48}},"114":{"start":{"line":170,"column":6},"end":{"line":178,"column":7}},"115":{"start":{"line":175,"column":8},"end":{"line":175,"column":30}},"116":{"start":{"line":176,"column":8},"end":{"line":176,"column":30}},"117":{"start":{"line":177,"column":8},"end":{"line":177,"column":33}},"118":{"start":{"line":180,"column":4},"end":{"line":180,"column":20}},"119":{"start":{"line":182,"column":19},"end":{"line":182,"column":21}},"120":{"start":{"line":183,"column":20},"end":{"line":183,"column":28}},"121":{"start":{"line":184,"column":20},"end":{"line":184,"column":28}},"122":{"start":{"line":185,"column":4},"end":{"line":202,"column":5}},"123":{"start":{"line":185,"column":17},"end":{"line":185,"column":18}},"124":{"start":{"line":186,"column":6},"end":{"line":186,"column":48}},"125":{"start":{"line":186,"column":39},"end":{"line":186,"column":48}},"126":{"start":{"line":187,"column":14},"end":{"line":187,"column":25}},"127":{"start":{"line":188,"column":6},"end":{"line":188,"column":21}},"128":{"start":{"line":189,"column":26},"end":{"line":189,"column":85}},"129":{"start":{"line":190,"column":6},"end":{"line":190,"column":22}},"130":{"start":{"line":191,"column":6},"end":{"line":191,"column":21}},"131":{"start":{"line":192,"column":35},"end":{"line":192,"column":48}},"132":{"start":{"line":193,"column":6},"end":{"line":201,"column":7}},"133":{"start":{"line":198,"column":8},"end":{"line":198,"column":30}},"134":{"start":{"line":199,"column":8},"end":{"line":199,"column":30}},"135":{"start":{"line":200,"column":8},"end":{"line":200,"column":33}},"136":{"start":{"line":203,"column":4},"end":{"line":203,"column":20}}},"fnMap":{"0":{"name":"(anonymous_0)","decl":{"start":{"line":6,"column":23},"end":{"line":6,"column":24}},"loc":{"start":{"line":6,"column":69},"end":{"line":14,"column":1}},"line":6},"1":{"name":"(anonymous_1)","decl":{"start":{"line":18,"column":27},"end":{"line":18,"column":28}},"loc":{"start":{"line":18,"column":37},"end":{"line":28,"column":1}},"line":18},"2":{"name":"(anonymous_2)","decl":{"start":{"line":32,"column":27},"end":{"line":32,"column":28}},"loc":{"start":{"line":32,"column":47},"end":{"line":97,"column":1}},"line":32},"3":{"name":"(anonymous_3)","decl":{"start":{"line":58,"column":20},"end":{"line":58,"column":21}},"loc":{"start":{"line":58,"column":31},"end":{"line":58,"column":41}},"line":58},"4":{"name":"(anonymous_4)","decl":{"start":{"line":99,"column":26},"end":{"line":99,"column":27}},"loc":{"start":{"line":99,"column":46},"end":{"line":141,"column":1}},"line":99},"5":{"name":"(anonymous_5)","decl":{"start":{"line":143,"column":18},"end":{"line":143,"column":19}},"loc":{"start":{"line":143,"column":86},"end":{"line":205,"column":1}},"line":143}},"branchMap":{"0":{"loc":{"start":{"line":6,"column":24},"end":{"line":6,"column":43}},"type":"default-arg","locations":[{"start":{"line":6,"column":31},"end":{"line":6,"column":43}}],"line":6},"1":{"loc":{"start":{"line":6,"column":45},"end":{"line":6,"column":64}},"type":"default-arg","locations":[{"start":{"line":6,"column":52},"end":{"line":6,"column":64}}],"line":6},"2":{"loc":{"start":{"line":56,"column":9},"end":{"line":56,"column":82}},"type":"binary-expr","locations":[{"start":{"line":56,"column":9},"end":{"line":56,"column":11}},{"start":{"line":56,"column":15},"end":{"line":56,"column":19}},{"start":{"line":56,"column":23},"end":{"line":56,"column":27}},{"start":{"line":56,"column":31},"end":{"line":56,"column":36}},{"start":{"line":56,"column":40},"end":{"line":56,"column":46}},{"start":{"line":56,"column":50},"end":{"line":56,"column":59}},{"start":{"line":56,"column":63},"end":{"line":56,"column":70}},{"start":{"line":56,"column":74},"end":{"line":56,"column":82}}],"line":56},"3":{"loc":{"start":{"line":58,"column":4},"end":{"line":58,"column":57}},"type":"if","locations":[{"start":{"line":58,"column":4},"end":{"line":58,"column":57}},{"start":{"line":58,"column":4},"end":{"line":58,"column":57}}],"line":58},"4":{"loc":{"start":{"line":60,"column":4},"end":{"line":62,"column":5}},"type":"if","locations":[{"start":{"line":60,"column":4},"end":{"line":62,"column":5}},{"start":{"line":60,"column":4},"end":{"line":62,"column":5}}],"line":60},"5":{"loc":{"start":{"line":61,"column":6},"end":{"line":61,"column":61}},"type":"cond-expr","locations":[{"start":{"line":61,"column":37},"end":{"line":61,"column":46}},{"start":{"line":61,"column":50},"end":{"line":61,"column":60}}],"line":61},"6":{"loc":{"start":{"line":64,"column":4},"end":{"line":66,"column":5}},"type":"if","locations":[{"start":{"line":64,"column":4},"end":{"line":66,"column":5}},{"start":{"line":64,"column":4},"end":{"line":66,"column":5}}],"line":64},"7":{"loc":{"start":{"line":65,"column":6},"end":{"line":65,"column":63}},"type":"cond-expr","locations":[{"start":{"line":65,"column":37},"end":{"line":65,"column":46}},{"start":{"line":65,"column":50},"end":{"line":65,"column":62}}],"line":65},"8":{"loc":{"start":{"line":68,"column":4},"end":{"line":70,"column":5}},"type":"if","locations":[{"start":{"line":68,"column":4},"end":{"line":70,"column":5}},{"start":{"line":68,"column":4},"end":{"line":70,"column":5}}],"line":68},"9":{"loc":{"start":{"line":69,"column":6},"end":{"line":69,"column":64}},"type":"cond-expr","locations":[{"start":{"line":69,"column":35},"end":{"line":69,"column":47}},{"start":{"line":69,"column":51},"end":{"line":69,"column":63}}],"line":69},"10":{"loc":{"start":{"line":72,"column":4},"end":{"line":74,"column":5}},"type":"if","locations":[{"start":{"line":72,"column":4},"end":{"line":74,"column":5}},{"start":{"line":72,"column":4},"end":{"line":74,"column":5}}],"line":72},"11":{"loc":{"start":{"line":73,"column":6},"end":{"line":73,"column":65}},"type":"cond-expr","locations":[{"start":{"line":73,"column":35},"end":{"line":73,"column":47}},{"start":{"line":73,"column":51},"end":{"line":73,"column":64}}],"line":73},"12":{"loc":{"start":{"line":76,"column":4},"end":{"line":78,"column":5}},"type":"if","locations":[{"start":{"line":76,"column":4},"end":{"line":78,"column":5}},{"start":{"line":76,"column":4},"end":{"line":78,"column":5}}],"line":76},"13":{"loc":{"start":{"line":77,"column":6},"end":{"line":77,"column":76}},"type":"cond-expr","locations":[{"start":{"line":77,"column":39},"end":{"line":77,"column":57}},{"start":{"line":77,"column":61},"end":{"line":77,"column":75}}],"line":77},"14":{"loc":{"start":{"line":80,"column":4},"end":{"line":82,"column":5}},"type":"if","locations":[{"start":{"line":80,"column":4},"end":{"line":82,"column":5}},{"start":{"line":80,"column":4},"end":{"line":82,"column":5}}],"line":80},"15":{"loc":{"start":{"line":81,"column":6},"end":{"line":81,"column":79}},"type":"cond-expr","locations":[{"start":{"line":81,"column":39},"end":{"line":81,"column":57}},{"start":{"line":81,"column":61},"end":{"line":81,"column":78}}],"line":81},"16":{"loc":{"start":{"line":84,"column":4},"end":{"line":86,"column":5}},"type":"if","locations":[{"start":{"line":84,"column":4},"end":{"line":86,"column":5}},{"start":{"line":84,"column":4},"end":{"line":86,"column":5}}],"line":84},"17":{"loc":{"start":{"line":85,"column":6},"end":{"line":85,"column":77}},"type":"cond-expr","locations":[{"start":{"line":85,"column":39},"end":{"line":85,"column":57}},{"start":{"line":85,"column":61},"end":{"line":85,"column":76}}],"line":85},"18":{"loc":{"start":{"line":88,"column":4},"end":{"line":90,"column":5}},"type":"if","locations":[{"start":{"line":88,"column":4},"end":{"line":90,"column":5}},{"start":{"line":88,"column":4},"end":{"line":90,"column":5}}],"line":88},"19":{"loc":{"start":{"line":89,"column":6},"end":{"line":89,"column":78}},"type":"cond-expr","locations":[{"start":{"line":89,"column":39},"end":{"line":89,"column":57}},{"start":{"line":89,"column":61},"end":{"line":89,"column":77}}],"line":89},"20":{"loc":{"start":{"line":96,"column":2},"end":{"line":96,"column":55}},"type":"if","locations":[{"start":{"line":96,"column":2},"end":{"line":96,"column":55}},{"start":{"line":96,"column":2},"end":{"line":96,"column":55}}],"line":96},"21":{"loc":{"start":{"line":96,"column":6},"end":{"line":96,"column":39}},"type":"binary-expr","locations":[{"start":{"line":96,"column":6},"end":{"line":96,"column":15}},{"start":{"line":96,"column":19},"end":{"line":96,"column":39}}],"line":96},"22":{"loc":{"start":{"line":108,"column":4},"end":{"line":108,"column":46}},"type":"if","locations":[{"start":{"line":108,"column":4},"end":{"line":108,"column":46}},{"start":{"line":108,"column":4},"end":{"line":108,"column":46}}],"line":108},"23":{"loc":{"start":{"line":115,"column":4},"end":{"line":126,"column":5}},"type":"if","locations":[{"start":{"line":115,"column":4},"end":{"line":126,"column":5}},{"start":{"line":115,"column":4},"end":{"line":126,"column":5}}],"line":115},"24":{"loc":{"start":{"line":116,"column":6},"end":{"line":118,"column":73}},"type":"binary-expr","locations":[{"start":{"line":116,"column":6},"end":{"line":116,"column":27}},{"start":{"line":117,"column":7},"end":{"line":117,"column":20}},{"start":{"line":117,"column":24},"end":{"line":117,"column":47}},{"start":{"line":117,"column":51},"end":{"line":117,"column":72}},{"start":{"line":118,"column":7},"end":{"line":118,"column":30}},{"start":{"line":118,"column":34},"end":{"line":118,"column":55}},{"start":{"line":118,"column":59},"end":{"line":118,"column":72}}],"line":116},"25":{"loc":{"start":{"line":124,"column":11},"end":{"line":126,"column":5}},"type":"if","locations":[{"start":{"line":124,"column":11},"end":{"line":126,"column":5}},{"start":{"line":124,"column":11},"end":{"line":126,"column":5}}],"line":124},"26":{"loc":{"start":{"line":124,"column":15},"end":{"line":124,"column":65}},"type":"binary-expr","locations":[{"start":{"line":124,"column":15},"end":{"line":124,"column":38}},{"start":{"line":124,"column":42},"end":{"line":124,"column":65}}],"line":124},"27":{"loc":{"start":{"line":145,"column":2},"end":{"line":156,"column":3}},"type":"switch","locations":[{"start":{"line":146,"column":4},"end":{"line":147,"column":25}},{"start":{"line":148,"column":4},"end":{"line":149,"column":26}},{"start":{"line":150,"column":4},"end":{"line":151,"column":24}},{"start":{"line":152,"column":4},"end":{"line":155,"column":12}}],"line":145},"28":{"loc":{"start":{"line":153,"column":6},"end":{"line":153,"column":41}},"type":"if","locations":[{"start":{"line":153,"column":6},"end":{"line":153,"column":41}},{"start":{"line":153,"column":6},"end":{"line":153,"column":41}}],"line":153},"29":{"loc":{"start":{"line":154,"column":22},"end":{"line":154,"column":45}},"type":"cond-expr","locations":[{"start":{"line":154,"column":34},"end":{"line":154,"column":35}},{"start":{"line":154,"column":38},"end":{"line":154,"column":45}}],"line":154},"30":{"loc":{"start":{"line":158,"column":2},"end":{"line":204,"column":3}},"type":"if","locations":[{"start":{"line":158,"column":2},"end":{"line":204,"column":3}},{"start":{"line":158,"column":2},"end":{"line":204,"column":3}}],"line":158},"31":{"loc":{"start":{"line":163,"column":6},"end":{"line":163,"column":48}},"type":"if","locations":[{"start":{"line":163,"column":6},"end":{"line":163,"column":48}},{"start":{"line":163,"column":6},"end":{"line":163,"column":48}}],"line":163},"32":{"loc":{"start":{"line":170,"column":6},"end":{"line":178,"column":7}},"type":"if","locations":[{"start":{"line":170,"column":6},"end":{"line":178,"column":7}},{"start":{"line":170,"column":6},"end":{"line":178,"column":7}}],"line":170},"33":{"loc":{"start":{"line":171,"column":8},"end":{"line":173,"column":75}},"type":"binary-expr","locations":[{"start":{"line":171,"column":8},"end":{"line":171,"column":29}},{"start":{"line":172,"column":9},"end":{"line":172,"column":32}},{"start":{"line":172,"column":36},"end":{"line":172,"column":57}},{"start":{"line":172,"column":61},"end":{"line":172,"column":75}},{"start":{"line":173,"column":9},"end":{"line":173,"column":32}},{"start":{"line":173,"column":36},"end":{"line":173,"column":57}},{"start":{"line":173,"column":61},"end":{"line":173,"column":74}}],"line":171},"34":{"loc":{"start":{"line":186,"column":6},"end":{"line":186,"column":48}},"type":"if","locations":[{"start":{"line":186,"column":6},"end":{"line":186,"column":48}},{"start":{"line":186,"column":6},"end":{"line":186,"column":48}}],"line":186},"35":{"loc":{"start":{"line":193,"column":6},"end":{"line":201,"column":7}},"type":"if","locations":[{"start":{"line":193,"column":6},"end":{"line":201,"column":7}},{"start":{"line":193,"column":6},"end":{"line":201,"column":7}}],"line":193},"36":{"loc":{"start":{"line":194,"column":8},"end":{"line":196,"column":75}},"type":"binary-expr","locations":[{"start":{"line":194,"column":8},"end":{"line":194,"column":29}},{"start":{"line":195,"column":9},"end":{"line":195,"column":32}},{"start":{"line":195,"column":36},"end":{"line":195,"column":57}},{"start":{"line":195,"column":61},"end":{"line":195,"column":75}},{"start":{"line":196,"column":9},"end":{"line":196,"column":32}},{"start":{"line":196,"column":36},"end":{"line":196,"column":57}},{"start":{"line":196,"column":61},"end":{"line":196,"column":74}}],"line":194}},"s":{"0":6,"1":6,"2":6,"3":6,"4":13,"5":13,"6":13,"7":76,"8":76,"9":13,"10":6,"11":6,"12":7,"13":7,"14":7,"15":7,"16":7,"17":45,"18":45,"19":7,"20":6,"21":6,"22":15095019,"23":15095019,"24":15095019,"25":15095019,"26":15095019,"27":15095019,"28":15095019,"29":15095019,"30":15095019,"31":15095019,"32":15095019,"33":15095019,"34":15095019,"35":15095019,"36":15095019,"37":15095019,"38":15095019,"39":15095019,"40":31456359,"41":31456359,"42":121759446,"43":1672707,"44":29783652,"45":15095020,"46":29783652,"47":22365655,"48":29783652,"49":18229651,"50":29783652,"51":17631536,"52":29783652,"53":16535571,"54":29783652,"55":18305384,"56":29783652,"57":16267050,"58":29783652,"59":18301703,"60":29783652,"61":29783652,"62":29783652,"63":29783652,"64":13422312,"65":12,"66":6,"67":11,"68":11,"69":11,"70":11,"71":11,"72":11,"73":77,"74":13,"75":64,"76":64,"77":64,"78":64,"79":64,"80":64,"81":64,"82":19,"83":19,"84":19,"85":19,"86":45,"87":25,"88":11,"89":11,"90":6,"91":15094997,"92":15094997,"93":1476001,"94":196697,"95":10,"96":13422289,"97":11102872,"98":2319417,"99":2319417,"100":2319417,"101":1983983,"102":1983983,"103":1983983,"104":1983983,"105":1983983,"106":13887881,"107":973564,"108":12914317,"109":12914317,"110":12914317,"111":12914317,"112":12914317,"113":12914317,"114":12914317,"115":2683346,"116":2683346,"117":2683346,"118":1983983,"119":335434,"120":335434,"121":335434,"122":335434,"123":335434,"124":2348038,"125":167422,"126":2180616,"127":2180616,"128":2180616,"129":2180616,"130":2180616,"131":2180616,"132":2180616,"133":554797,"134":554797,"135":554797,"136":335434},"f":{"0":13,"1":7,"2":15095019,"3":121759446,"4":11,"5":15094997},"b":{"0":[12],"1":[12],"2":[44878671,29783651,21390672,18863950,17179295,16639945,14956126,14462719],"3":[1672707,29783652],"4":[15095020,14688632],"5":[1,15095019],"6":[22365655,7417997],"7":[8392980,13972675],"8":[18229651,11554001],"9":[3313280,14916371],"10":[17631536,12152116],"11":[2709822,14921714],"12":[16535571,13248081],"13":[1477005,15058566],"14":[18305384,11478268],"15":[3240569,15064815],"16":[16267050,13516602],"17":[1282262,14984788],"18":[18301703,11481949],"19":[3269305,15032398],"20":[12,13422300],"21":[13422312,1000016],"22":[13,64],"23":[19,45],"24":[64,49,28,28,46,27,2],"25":[25,20],"26":[45,26],"27":[1476001,196697,10,13422289],"28":[11102872,2319417],"29":[180734,2138683],"30":[1983983,335434],"31":[973564,12914317],"32":[2683346,10230971],"33":[12914317,10234769,6297421,3805,10230978,6293630,12062],"34":[167422,2180616],"35":[554797,1625819],"36":[2180616,1626752,883812,920,1626537,883597,936]},"_coverageSchema":"1a1c01bbd47fc00a2c39e90264f33305004495a9","hash":"3bbb027e857fac4f8ebeeacec1dc74fb7db5fd5d"}
,"/Users/paulinez/connect-four-react/client/src/UI/CustomButton.js": {"path":"/Users/paulinez/connect-four-react/client/src/UI/CustomButton.js","statementMap":{"0":{"start":{"line":5,"column":2},"end":{"line":16,"column":4}},"1":{"start":{"line":12,"column":21},"end":{"line":12,"column":56}}},"fnMap":{"0":{"name":"CustomButton","decl":{"start":{"line":4,"column":24},"end":{"line":4,"column":36}},"loc":{"start":{"line":4,"column":93},"end":{"line":17,"column":1}},"line":4},"1":{"name":"(anonymous_1)","decl":{"start":{"line":12,"column":15},"end":{"line":12,"column":16}},"loc":{"start":{"line":12,"column":21},"end":{"line":12,"column":56}},"line":12}},"branchMap":{"0":{"loc":{"start":{"line":7,"column":47},"end":{"line":7,"column":97}},"type":"cond-expr","locations":[{"start":{"line":7,"column":54},"end":{"line":7,"column":76}},{"start":{"line":7,"column":79},"end":{"line":7,"column":97}}],"line":7},"1":{"loc":{"start":{"line":9,"column":15},"end":{"line":9,"column":40}},"type":"cond-expr","locations":[{"start":{"line":9,"column":22},"end":{"line":9,"column":28}},{"start":{"line":9,"column":31},"end":{"line":9,"column":40}}],"line":9},"2":{"loc":{"start":{"line":12,"column":21},"end":{"line":12,"column":56}},"type":"binary-expr","locations":[{"start":{"line":12,"column":21},"end":{"line":12,"column":38}},{"start":{"line":12,"column":42},"end":{"line":12,"column":56}}],"line":12}},"s":{"0":132,"1":11},"f":{"0":132,"1":11},"b":{"0":[8,124],"1":[8,124],"2":[11,11]},"_coverageSchema":"1a1c01bbd47fc00a2c39e90264f33305004495a9","hash":"48360c058d2a4f9b919ddda60028fd464a556dcb"}
,"/Users/paulinez/connect-four-react/client/src/UI/Square.js": {"path":"/Users/paulinez/connect-four-react/client/src/UI/Square.js","statementMap":{"0":{"start":{"line":4,"column":2},"end":{"line":12,"column":4}},"1":{"start":{"line":5,"column":54},"end":{"line":5,"column":72}}},"fnMap":{"0":{"name":"Square","decl":{"start":{"line":3,"column":24},"end":{"line":3,"column":30}},"loc":{"start":{"line":3,"column":62},"end":{"line":13,"column":1}},"line":3},"1":{"name":"(anonymous_1)","decl":{"start":{"line":5,"column":48},"end":{"line":5,"column":49}},"loc":{"start":{"line":5,"column":54},"end":{"line":5,"column":72}},"line":5}},"branchMap":{"0":{"loc":{"start":{"line":9,"column":29},"end":{"line":9,"column":53}},"type":"cond-expr","locations":[{"start":{"line":9,"column":37},"end":{"line":9,"column":48}},{"start":{"line":9,"column":51},"end":{"line":9,"column":53}}],"line":9}},"s":{"0":2352,"1":12},"f":{"0":2352,"1":12},"b":{"0":[865,1487]},"_coverageSchema":"1a1c01bbd47fc00a2c39e90264f33305004495a9","hash":"2ee063090300ccfd566a4c314644da14241999fa"}
,"/Users/paulinez/connect-four-react/client/src/__tests__/mockSocketio.js": {"path":"/Users/paulinez/connect-four-react/client/src/__tests__/mockSocketio.js","statementMap":{"0":{"start":{"line":1,"column":13},"end":{"line":1,"column":15}},"1":{"start":{"line":3,"column":11},"end":{"line":9,"column":1}},"2":{"start":{"line":4,"column":2},"end":{"line":8,"column":3}},"3":{"start":{"line":5,"column":18},"end":{"line":5,"column":31}},"4":{"start":{"line":6,"column":4},"end":{"line":6,"column":25}},"5":{"start":{"line":7,"column":4},"end":{"line":7,"column":23}},"6":{"start":{"line":11,"column":12},"end":{"line":13,"column":1}},"7":{"start":{"line":12,"column":2},"end":{"line":12,"column":14}},"8":{"start":{"line":15,"column":24},"end":{"line":24,"column":1}},"9":{"start":{"line":18,"column":4},"end":{"line":21,"column":5}},"10":{"start":{"line":19,"column":6},"end":{"line":19,"column":42}},"11":{"start":{"line":20,"column":6},"end":{"line":20,"column":79}},"12":{"start":{"line":26,"column":24},"end":{"line":51,"column":1}},"13":{"start":{"line":29,"column":4},"end":{"line":48,"column":5}},"14":{"start":{"line":31,"column":8},"end":{"line":31,"column":44}},"15":{"start":{"line":32,"column":8},"end":{"line":32,"column":84}},"16":{"start":{"line":33,"column":8},"end":{"line":33,"column":14}},"17":{"start":{"line":35,"column":8},"end":{"line":35,"column":39}},"18":{"start":{"line":36,"column":8},"end":{"line":36,"column":14}},"19":{"start":{"line":38,"column":8},"end":{"line":38,"column":29}},"20":{"start":{"line":39,"column":8},"end":{"line":39,"column":14}},"21":{"start":{"line":41,"column":8},"end":{"line":41,"column":29}},"22":{"start":{"line":42,"column":8},"end":{"line":42,"column":14}},"23":{"start":{"line":44,"column":8},"end":{"line":44,"column":29}},"24":{"start":{"line":45,"column":8},"end":{"line":45,"column":14}},"25":{"start":{"line":47,"column":8},"end":{"line":47,"column":15}},"26":{"start":{"line":53,"column":24},"end":{"line":61,"column":1}},"27":{"start":{"line":56,"column":4},"end":{"line":58,"column":5}},"28":{"start":{"line":57,"column":6},"end":{"line":57,"column":35}},"29":{"start":{"line":63,"column":27},"end":{"line":73,"column":1}},"30":{"start":{"line":66,"column":4},"end":{"line":70,"column":5}},"31":{"start":{"line":67,"column":6},"end":{"line":67,"column":42}},"32":{"start":{"line":68,"column":6},"end":{"line":68,"column":82}},"33":{"start":{"line":69,"column":6},"end":{"line":69,"column":77}},"34":{"start":{"line":75,"column":27},"end":{"line":85,"column":1}},"35":{"start":{"line":78,"column":4},"end":{"line":82,"column":5}},"36":{"start":{"line":79,"column":6},"end":{"line":79,"column":42}},"37":{"start":{"line":80,"column":6},"end":{"line":80,"column":82}},"38":{"start":{"line":81,"column":6},"end":{"line":81,"column":77}},"39":{"start":{"line":88,"column":19},"end":{"line":95,"column":1}},"40":{"start":{"line":97,"column":19},"end":{"line":101,"column":1}},"41":{"start":{"line":103,"column":24},"end":{"line":122,"column":1}},"42":{"start":{"line":105,"column":4},"end":{"line":116,"column":5}},"43":{"start":{"line":107,"column":8},"end":{"line":107,"column":49}},"44":{"start":{"line":109,"column":8},"end":{"line":109,"column":34}},"45":{"start":{"line":111,"column":8},"end":{"line":115,"column":9}},"46":{"start":{"line":112,"column":24},"end":{"line":112,"column":37}},"47":{"start":{"line":113,"column":10},"end":{"line":113,"column":31}},"48":{"start":{"line":114,"column":10},"end":{"line":114,"column":29}},"49":{"start":{"line":119,"column":4},"end":{"line":119,"column":31}},"50":{"start":{"line":125,"column":20},"end":{"line":132,"column":1}},"51":{"start":{"line":134,"column":20},"end":{"line":138,"column":1}},"52":{"start":{"line":140,"column":24},"end":{"line":157,"column":1}},"53":{"start":{"line":142,"column":4},"end":{"line":151,"column":5}},"54":{"start":{"line":144,"column":8},"end":{"line":144,"column":35}},"55":{"start":{"line":146,"column":8},"end":{"line":150,"column":9}},"56":{"start":{"line":147,"column":24},"end":{"line":147,"column":37}},"57":{"start":{"line":148,"column":10},"end":{"line":148,"column":31}},"58":{"start":{"line":149,"column":10},"end":{"line":149,"column":29}},"59":{"start":{"line":154,"column":4},"end":{"line":154,"column":31}},"60":{"start":{"line":159,"column":24},"end":{"line":176,"column":1}},"61":{"start":{"line":161,"column":4},"end":{"line":170,"column":5}},"62":{"start":{"line":163,"column":8},"end":{"line":163,"column":38}},"63":{"start":{"line":165,"column":8},"end":{"line":169,"column":9}},"64":{"start":{"line":166,"column":24},"end":{"line":166,"column":37}},"65":{"start":{"line":167,"column":10},"end":{"line":167,"column":31}},"66":{"start":{"line":168,"column":10},"end":{"line":168,"column":29}},"67":{"start":{"line":173,"column":4},"end":{"line":173,"column":31}}},"fnMap":{"0":{"name":"(anonymous_0)","decl":{"start":{"line":3,"column":11},"end":{"line":3,"column":12}},"loc":{"start":{"line":3,"column":28},"end":{"line":9,"column":1}},"line":3},"1":{"name":"(anonymous_1)","decl":{"start":{"line":11,"column":12},"end":{"line":11,"column":13}},"loc":{"start":{"line":11,"column":18},"end":{"line":13,"column":1}},"line":11},"2":{"name":"(anonymous_2)","decl":{"start":{"line":17,"column":2},"end":{"line":17,"column":3}},"loc":{"start":{"line":17,"column":20},"end":{"line":22,"column":3}},"line":17},"3":{"name":"(anonymous_3)","decl":{"start":{"line":28,"column":2},"end":{"line":28,"column":3}},"loc":{"start":{"line":28,"column":20},"end":{"line":49,"column":3}},"line":28},"4":{"name":"(anonymous_4)","decl":{"start":{"line":55,"column":2},"end":{"line":55,"column":3}},"loc":{"start":{"line":55,"column":14},"end":{"line":59,"column":3}},"line":55},"5":{"name":"(anonymous_5)","decl":{"start":{"line":65,"column":2},"end":{"line":65,"column":3}},"loc":{"start":{"line":65,"column":20},"end":{"line":71,"column":3}},"line":65},"6":{"name":"(anonymous_6)","decl":{"start":{"line":77,"column":2},"end":{"line":77,"column":3}},"loc":{"start":{"line":77,"column":20},"end":{"line":83,"column":3}},"line":77},"7":{"name":"(anonymous_7)","decl":{"start":{"line":104,"column":2},"end":{"line":104,"column":3}},"loc":{"start":{"line":104,"column":18},"end":{"line":117,"column":3}},"line":104},"8":{"name":"(anonymous_8)","decl":{"start":{"line":118,"column":2},"end":{"line":118,"column":3}},"loc":{"start":{"line":118,"column":20},"end":{"line":120,"column":3}},"line":118},"9":{"name":"(anonymous_9)","decl":{"start":{"line":141,"column":2},"end":{"line":141,"column":3}},"loc":{"start":{"line":141,"column":18},"end":{"line":152,"column":3}},"line":141},"10":{"name":"(anonymous_10)","decl":{"start":{"line":153,"column":2},"end":{"line":153,"column":3}},"loc":{"start":{"line":153,"column":20},"end":{"line":155,"column":3}},"line":153},"11":{"name":"(anonymous_11)","decl":{"start":{"line":160,"column":2},"end":{"line":160,"column":3}},"loc":{"start":{"line":160,"column":18},"end":{"line":171,"column":3}},"line":160},"12":{"name":"(anonymous_12)","decl":{"start":{"line":172,"column":2},"end":{"line":172,"column":3}},"loc":{"start":{"line":172,"column":20},"end":{"line":174,"column":3}},"line":172}},"branchMap":{"0":{"loc":{"start":{"line":4,"column":2},"end":{"line":8,"column":3}},"type":"if","locations":[{"start":{"line":4,"column":2},"end":{"line":8,"column":3}},{"start":{"line":4,"column":2},"end":{"line":8,"column":3}}],"line":4},"1":{"loc":{"start":{"line":18,"column":4},"end":{"line":21,"column":5}},"type":"if","locations":[{"start":{"line":18,"column":4},"end":{"line":21,"column":5}},{"start":{"line":18,"column":4},"end":{"line":21,"column":5}}],"line":18},"2":{"loc":{"start":{"line":29,"column":4},"end":{"line":48,"column":5}},"type":"switch","locations":[{"start":{"line":30,"column":6},"end":{"line":33,"column":14}},{"start":{"line":34,"column":6},"end":{"line":36,"column":14}},{"start":{"line":37,"column":6},"end":{"line":39,"column":14}},{"start":{"line":40,"column":6},"end":{"line":42,"column":14}},{"start":{"line":43,"column":6},"end":{"line":45,"column":14}},{"start":{"line":46,"column":6},"end":{"line":47,"column":15}}],"line":29},"3":{"loc":{"start":{"line":56,"column":4},"end":{"line":58,"column":5}},"type":"if","locations":[{"start":{"line":56,"column":4},"end":{"line":58,"column":5}},{"start":{"line":56,"column":4},"end":{"line":58,"column":5}}],"line":56},"4":{"loc":{"start":{"line":66,"column":4},"end":{"line":70,"column":5}},"type":"if","locations":[{"start":{"line":66,"column":4},"end":{"line":70,"column":5}},{"start":{"line":66,"column":4},"end":{"line":70,"column":5}}],"line":66},"5":{"loc":{"start":{"line":78,"column":4},"end":{"line":82,"column":5}},"type":"if","locations":[{"start":{"line":78,"column":4},"end":{"line":82,"column":5}},{"start":{"line":78,"column":4},"end":{"line":82,"column":5}}],"line":78},"6":{"loc":{"start":{"line":105,"column":4},"end":{"line":116,"column":5}},"type":"switch","locations":[{"start":{"line":106,"column":6},"end":{"line":107,"column":49}},{"start":{"line":108,"column":6},"end":{"line":109,"column":34}},{"start":{"line":110,"column":6},"end":{"line":115,"column":9}}],"line":105},"7":{"loc":{"start":{"line":111,"column":8},"end":{"line":115,"column":9}},"type":"if","locations":[{"start":{"line":111,"column":8},"end":{"line":115,"column":9}},{"start":{"line":111,"column":8},"end":{"line":115,"column":9}}],"line":111},"8":{"loc":{"start":{"line":142,"column":4},"end":{"line":151,"column":5}},"type":"switch","locations":[{"start":{"line":143,"column":6},"end":{"line":144,"column":35}},{"start":{"line":145,"column":6},"end":{"line":150,"column":9}}],"line":142},"9":{"loc":{"start":{"line":146,"column":8},"end":{"line":150,"column":9}},"type":"if","locations":[{"start":{"line":146,"column":8},"end":{"line":150,"column":9}},{"start":{"line":146,"column":8},"end":{"line":150,"column":9}}],"line":146},"10":{"loc":{"start":{"line":161,"column":4},"end":{"line":170,"column":5}},"type":"switch","locations":[{"start":{"line":162,"column":6},"end":{"line":163,"column":38}},{"start":{"line":164,"column":6},"end":{"line":169,"column":9}}],"line":161},"11":{"loc":{"start":{"line":165,"column":8},"end":{"line":169,"column":9}},"type":"if","locations":[{"start":{"line":165,"column":8},"end":{"line":169,"column":9}},{"start":{"line":165,"column":8},"end":{"line":169,"column":9}}],"line":165}},"s":{"0":3,"1":3,"2":55,"3":17,"4":17,"5":17,"6":3,"7":82,"8":3,"9":2,"10":1,"11":1,"12":3,"13":14,"14":6,"15":6,"16":6,"17":1,"18":1,"19":5,"20":5,"21":1,"22":1,"23":1,"24":1,"25":0,"26":3,"27":1,"28":1,"29":3,"30":2,"31":1,"32":1,"33":1,"34":3,"35":2,"36":1,"37":1,"38":1,"39":3,"40":3,"41":3,"42":9,"43":1,"44":1,"45":7,"46":3,"47":3,"48":3,"49":2,"50":3,"51":3,"52":3,"53":9,"54":1,"55":8,"56":3,"57":3,"58":3,"59":2,"60":3,"61":9,"62":1,"63":8,"64":3,"65":3,"66":3,"67":2},"f":{"0":55,"1":82,"2":2,"3":14,"4":1,"5":2,"6":2,"7":9,"8":2,"9":9,"10":2,"11":9,"12":2},"b":{"0":[17,38],"1":[1,1],"2":[6,1,5,1,1,0],"3":[1,0],"4":[1,1],"5":[1,1],"6":[1,1,7],"7":[3,4],"8":[1,8],"9":[3,5],"10":[1,8],"11":[3,5]},"_coverageSchema":"1a1c01bbd47fc00a2c39e90264f33305004495a9","hash":"b4280cd38feb9968242757f64d7ad65a198f67dc"}
,"/Users/paulinez/connect-four-react/client/src/contexts/socket.js": {"path":"/Users/paulinez/connect-four-react/client/src/contexts/socket.js","statementMap":{"0":{"start":{"line":5,"column":2},"end":{"line":5,"column":91}},"1":{"start":{"line":7,"column":22},"end":{"line":10,"column":2}},"2":{"start":{"line":12,"column":29},"end":{"line":12,"column":50}}},"fnMap":{},"branchMap":{"0":{"loc":{"start":{"line":5,"column":2},"end":{"line":5,"column":91}},"type":"cond-expr","locations":[{"start":{"line":5,"column":42},"end":{"line":5,"column":85}},{"start":{"line":5,"column":88},"end":{"line":5,"column":91}}],"line":5}},"s":{"0":6,"1":6,"2":6},"f":{},"b":{"0":[0,6]},"_coverageSchema":"1a1c01bbd47fc00a2c39e90264f33305004495a9","hash":"0e919675d4375ec9a7923bf146cff8084d3ab853"}
,"/Users/paulinez/connect-four-react/client/src/screen/Dashboard.js": {"path":"/Users/paulinez/connect-four-react/client/src/screen/Dashboard.js","statementMap":{"0":{"start":{"line":9,"column":18},"end":{"line":9,"column":30}},"1":{"start":{"line":10,"column":26},"end":{"line":10,"column":36}},"2":{"start":{"line":11,"column":28},"end":{"line":11,"column":40}},"3":{"start":{"line":12,"column":19},"end":{"line":12,"column":55}},"4":{"start":{"line":14,"column":23},"end":{"line":22,"column":3}},"5":{"start":{"line":15,"column":4},"end":{"line":15,"column":17}},"6":{"start":{"line":16,"column":4},"end":{"line":21,"column":5}},"7":{"start":{"line":17,"column":6},"end":{"line":17,"column":21}},"8":{"start":{"line":18,"column":6},"end":{"line":18,"column":24}},"9":{"start":{"line":20,"column":6},"end":{"line":20,"column":36}},"10":{"start":{"line":24,"column":27},"end":{"line":26,"column":8}},"11":{"start":{"line":25,"column":4},"end":{"line":25,"column":18}},"12":{"start":{"line":28,"column":24},"end":{"line":30,"column":3}},"13":{"start":{"line":29,"column":4},"end":{"line":29,"column":36}},"14":{"start":{"line":32,"column":2},"end":{"line":96,"column":4}}},"fnMap":{"0":{"name":"Dashboard","decl":{"start":{"line":8,"column":24},"end":{"line":8,"column":33}},"loc":{"start":{"line":8,"column":71},"end":{"line":97,"column":1}},"line":8},"1":{"name":"(anonymous_1)","decl":{"start":{"line":14,"column":23},"end":{"line":14,"column":24}},"loc":{"start":{"line":14,"column":35},"end":{"line":22,"column":3}},"line":14},"2":{"name":"(anonymous_2)","decl":{"start":{"line":24,"column":39},"end":{"line":24,"column":40}},"loc":{"start":{"line":24,"column":49},"end":{"line":26,"column":3}},"line":24},"3":{"name":"(anonymous_3)","decl":{"start":{"line":28,"column":24},"end":{"line":28,"column":25}},"loc":{"start":{"line":28,"column":30},"end":{"line":30,"column":3}},"line":28}},"branchMap":{"0":{"loc":{"start":{"line":34,"column":7},"end":{"line":94,"column":7}},"type":"cond-expr","locations":[{"start":{"line":35,"column":8},"end":{"line":43,"column":33}},{"start":{"line":45,"column":8},"end":{"line":93,"column":14}}],"line":34},"1":{"loc":{"start":{"line":53,"column":25},"end":{"line":53,"column":94}},"type":"cond-expr","locations":[{"start":{"line":53,"column":61},"end":{"line":53,"column":79}},{"start":{"line":53,"column":82},"end":{"line":53,"column":94}}],"line":53},"2":{"loc":{"start":{"line":56,"column":25},"end":{"line":56,"column":88}},"type":"cond-expr","locations":[{"start":{"line":56,"column":58},"end":{"line":56,"column":73}},{"start":{"line":56,"column":76},"end":{"line":56,"column":88}}],"line":56},"3":{"loc":{"start":{"line":59,"column":15},"end":{"line":63,"column":15}},"type":"binary-expr","locations":[{"start":{"line":59,"column":15},"end":{"line":59,"column":20}},{"start":{"line":60,"column":16},"end":{"line":62,"column":24}}],"line":59}},"s":{"0":9,"1":9,"2":9,"3":9,"4":9,"5":2,"6":2,"7":2,"8":1,"9":1,"10":9,"11":1,"12":9,"13":1,"14":9},"f":{"0":9,"1":2,"2":1,"3":1},"b":{"0":[1,8],"1":[6,2],"2":[6,2],"3":[8,1]},"_coverageSchema":"1a1c01bbd47fc00a2c39e90264f33305004495a9","hash":"48c085b91f5b919e4bdde884e919a27b1f7f22a8"}
,"/Users/paulinez/connect-four-react/client/src/screen/Game.js": {"path":"/Users/paulinez/connect-four-react/client/src/screen/Game.js","statementMap":{"0":{"start":{"line":8,"column":40},"end":{"line":8,"column":85}},"1":{"start":{"line":9,"column":40},"end":{"line":9,"column":88}},"2":{"start":{"line":10,"column":28},"end":{"line":10,"column":39}},"3":{"start":{"line":11,"column":30},"end":{"line":11,"column":41}},"4":{"start":{"line":12,"column":30},"end":{"line":12,"column":41}},"5":{"start":{"line":13,"column":34},"end":{"line":13,"column":76}},"6":{"start":{"line":14,"column":36},"end":{"line":14,"column":48}},"7":{"start":{"line":15,"column":26},"end":{"line":15,"column":38}},"8":{"start":{"line":16,"column":50},"end":{"line":16,"column":92}},"9":{"start":{"line":17,"column":44},"end":{"line":17,"column":55}},"10":{"start":{"line":18,"column":46},"end":{"line":18,"column":58}},"11":{"start":{"line":20,"column":30},"end":{"line":20,"column":41}},"12":{"start":{"line":21,"column":40},"end":{"line":21,"column":51}},"13":{"start":{"line":22,"column":30},"end":{"line":22,"column":45}},"14":{"start":{"line":24,"column":23},"end":{"line":27,"column":3}},"15":{"start":{"line":25,"column":11},"end":{"line":25,"column":58}},"16":{"start":{"line":28,"column":17},"end":{"line":28,"column":42}},"17":{"start":{"line":29,"column":14},"end":{"line":29,"column":22}},"18":{"start":{"line":31,"column":25},"end":{"line":34,"column":8}},"19":{"start":{"line":32,"column":4},"end":{"line":32,"column":22}},"20":{"start":{"line":33,"column":4},"end":{"line":33,"column":30}},"21":{"start":{"line":36,"column":19},"end":{"line":39,"column":8}},"22":{"start":{"line":37,"column":4},"end":{"line":37,"column":20}},"23":{"start":{"line":38,"column":4},"end":{"line":38,"column":30}},"24":{"start":{"line":41,"column":15},"end":{"line":48,"column":3}},"25":{"start":{"line":42,"column":24},"end":{"line":42,"column":88}},"26":{"start":{"line":43,"column":4},"end":{"line":43,"column":78}},"27":{"start":{"line":43,"column":31},"end":{"line":43,"column":78}},"28":{"start":{"line":44,"column":4},"end":{"line":46,"column":5}},"29":{"start":{"line":45,"column":6},"end":{"line":45,"column":71}},"30":{"start":{"line":47,"column":4},"end":{"line":47,"column":25}},"31":{"start":{"line":50,"column":2},"end":{"line":97,"column":49}},"32":{"start":{"line":51,"column":4},"end":{"line":96,"column":5}},"33":{"start":{"line":52,"column":6},"end":{"line":52,"column":53}},"34":{"start":{"line":53,"column":6},"end":{"line":64,"column":9}},"35":{"start":{"line":54,"column":8},"end":{"line":54,"column":43}},"36":{"start":{"line":55,"column":8},"end":{"line":55,"column":43}},"37":{"start":{"line":56,"column":8},"end":{"line":63,"column":9}},"38":{"start":{"line":57,"column":10},"end":{"line":57,"column":23}},"39":{"start":{"line":58,"column":10},"end":{"line":58,"column":23}},"40":{"start":{"line":59,"column":10},"end":{"line":59,"column":22}},"41":{"start":{"line":60,"column":10},"end":{"line":60,"column":22}},"42":{"start":{"line":61,"column":10},"end":{"line":61,"column":29}},"43":{"start":{"line":62,"column":10},"end":{"line":62,"column":37}},"44":{"start":{"line":66,"column":6},"end":{"line":69,"column":9}},"45":{"start":{"line":67,"column":8},"end":{"line":67,"column":29}},"46":{"start":{"line":68,"column":8},"end":{"line":68,"column":40}},"47":{"start":{"line":71,"column":6},"end":{"line":73,"column":9}},"48":{"start":{"line":72,"column":8},"end":{"line":72,"column":36}},"49":{"start":{"line":75,"column":6},"end":{"line":78,"column":9}},"50":{"start":{"line":76,"column":8},"end":{"line":76,"column":28}},"51":{"start":{"line":77,"column":8},"end":{"line":77,"column":36}},"52":{"start":{"line":80,"column":6},"end":{"line":86,"column":9}},"53":{"start":{"line":81,"column":8},"end":{"line":81,"column":66}},"54":{"start":{"line":82,"column":8},"end":{"line":82,"column":40}},"55":{"start":{"line":83,"column":8},"end":{"line":83,"column":25}},"56":{"start":{"line":84,"column":8},"end":{"line":84,"column":26}},"57":{"start":{"line":85,"column":8},"end":{"line":85,"column":34}},"58":{"start":{"line":87,"column":6},"end":{"line":95,"column":8}},"59":{"start":{"line":88,"column":8},"end":{"line":94,"column":9}},"60":{"start":{"line":89,"column":10},"end":{"line":89,"column":42}},"61":{"start":{"line":90,"column":10},"end":{"line":90,"column":54}},"62":{"start":{"line":91,"column":10},"end":{"line":91,"column":43}},"63":{"start":{"line":92,"column":10},"end":{"line":92,"column":43}},"64":{"start":{"line":93,"column":10},"end":{"line":93,"column":44}},"65":{"start":{"line":99,"column":2},"end":{"line":116,"column":47}},"66":{"start":{"line":100,"column":4},"end":{"line":108,"column":5}},"67":{"start":{"line":101,"column":6},"end":{"line":103,"column":9}},"68":{"start":{"line":102,"column":8},"end":{"line":102,"column":42}},"69":{"start":{"line":105,"column":6},"end":{"line":107,"column":9}},"70":{"start":{"line":106,"column":8},"end":{"line":106,"column":28}},"71":{"start":{"line":110,"column":4},"end":{"line":115,"column":6}},"72":{"start":{"line":111,"column":6},"end":{"line":114,"column":7}},"73":{"start":{"line":112,"column":8},"end":{"line":112,"column":45}},"74":{"start":{"line":113,"column":8},"end":{"line":113,"column":39}},"75":{"start":{"line":118,"column":2},"end":{"line":145,"column":77}},"76":{"start":{"line":119,"column":4},"end":{"line":144,"column":5}},"77":{"start":{"line":120,"column":6},"end":{"line":127,"column":7}},"78":{"start":{"line":121,"column":8},"end":{"line":121,"column":39}},"79":{"start":{"line":122,"column":8},"end":{"line":122,"column":49}},"80":{"start":{"line":123,"column":13},"end":{"line":127,"column":7}},"81":{"start":{"line":124,"column":8},"end":{"line":124,"column":38}},"82":{"start":{"line":126,"column":8},"end":{"line":126,"column":40}},"83":{"start":{"line":129,"column":6},"end":{"line":131,"column":7}},"84":{"start":{"line":130,"column":8},"end":{"line":130,"column":35}},"85":{"start":{"line":132,"column":6},"end":{"line":135,"column":7}},"86":{"start":{"line":133,"column":8},"end":{"line":133,"column":70}},"87":{"start":{"line":134,"column":8},"end":{"line":134,"column":34}},"88":{"start":{"line":136,"column":6},"end":{"line":138,"column":57}},"89":{"start":{"line":139,"column":6},"end":{"line":139,"column":54}},"90":{"start":{"line":139,"column":43},"end":{"line":139,"column":52}},"91":{"start":{"line":140,"column":6},"end":{"line":140,"column":54}},"92":{"start":{"line":140,"column":43},"end":{"line":140,"column":52}},"93":{"start":{"line":141,"column":6},"end":{"line":141,"column":24}},"94":{"start":{"line":142,"column":6},"end":{"line":142,"column":19}},"95":{"start":{"line":143,"column":6},"end":{"line":143,"column":24}},"96":{"start":{"line":147,"column":2},"end":{"line":161,"column":65}},"97":{"start":{"line":148,"column":4},"end":{"line":160,"column":5}},"98":{"start":{"line":149,"column":26},"end":{"line":149,"column":90}},"99":{"start":{"line":150,"column":6},"end":{"line":151,"column":55}},"100":{"start":{"line":151,"column":8},"end":{"line":151,"column":55}},"101":{"start":{"line":152,"column":6},"end":{"line":152,"column":30}},"102":{"start":{"line":153,"column":6},"end":{"line":153,"column":25}},"103":{"start":{"line":154,"column":6},"end":{"line":154,"column":43}},"104":{"start":{"line":154,"column":29},"end":{"line":154,"column":41}},"105":{"start":{"line":155,"column":6},"end":{"line":155,"column":23}},"106":{"start":{"line":156,"column":6},"end":{"line":156,"column":18}},"107":{"start":{"line":157,"column":6},"end":{"line":157,"column":33}},"108":{"start":{"line":158,"column":6},"end":{"line":158,"column":23}},"109":{"start":{"line":159,"column":6},"end":{"line":159,"column":24}},"110":{"start":{"line":163,"column":2},"end":{"line":241,"column":4}},"111":{"start":{"line":226,"column":10},"end":{"line":226,"column":82}}},"fnMap":{"0":{"name":"Game","decl":{"start":{"line":7,"column":24},"end":{"line":7,"column":28}},"loc":{"start":{"line":7,"column":92},"end":{"line":242,"column":1}},"line":7},"1":{"name":"(anonymous_1)","decl":{"start":{"line":25,"column":4},"end":{"line":25,"column":5}},"loc":{"start":{"line":25,"column":11},"end":{"line":25,"column":58}},"line":25},"2":{"name":"(anonymous_2)","decl":{"start":{"line":31,"column":37},"end":{"line":31,"column":38}},"loc":{"start":{"line":31,"column":60},"end":{"line":34,"column":3}},"line":31},"3":{"name":"(anonymous_3)","decl":{"start":{"line":36,"column":31},"end":{"line":36,"column":32}},"loc":{"start":{"line":36,"column":46},"end":{"line":39,"column":3}},"line":36},"4":{"name":"(anonymous_4)","decl":{"start":{"line":41,"column":15},"end":{"line":41,"column":16}},"loc":{"start":{"line":41,"column":21},"end":{"line":48,"column":3}},"line":41},"5":{"name":"(anonymous_5)","decl":{"start":{"line":50,"column":12},"end":{"line":50,"column":13}},"loc":{"start":{"line":50,"column":18},"end":{"line":97,"column":3}},"line":50},"6":{"name":"(anonymous_6)","decl":{"start":{"line":53,"column":37},"end":{"line":53,"column":38}},"loc":{"start":{"line":53,"column":63},"end":{"line":64,"column":7}},"line":53},"7":{"name":"(anonymous_7)","decl":{"start":{"line":66,"column":31},"end":{"line":66,"column":32}},"loc":{"start":{"line":66,"column":37},"end":{"line":69,"column":7}},"line":66},"8":{"name":"(anonymous_8)","decl":{"start":{"line":71,"column":38},"end":{"line":71,"column":39}},"loc":{"start":{"line":71,"column":44},"end":{"line":73,"column":7}},"line":71},"9":{"name":"(anonymous_9)","decl":{"start":{"line":75,"column":38},"end":{"line":75,"column":39}},"loc":{"start":{"line":75,"column":44},"end":{"line":78,"column":7}},"line":75},"10":{"name":"(anonymous_10)","decl":{"start":{"line":80,"column":39},"end":{"line":80,"column":40}},"loc":{"start":{"line":80,"column":70},"end":{"line":86,"column":7}},"line":80},"11":{"name":"(anonymous_11)","decl":{"start":{"line":87,"column":13},"end":{"line":87,"column":14}},"loc":{"start":{"line":87,"column":19},"end":{"line":95,"column":7}},"line":87},"12":{"name":"(anonymous_12)","decl":{"start":{"line":99,"column":12},"end":{"line":99,"column":13}},"loc":{"start":{"line":99,"column":18},"end":{"line":116,"column":3}},"line":99},"13":{"name":"(anonymous_13)","decl":{"start":{"line":101,"column":26},"end":{"line":101,"column":27}},"loc":{"start":{"line":101,"column":53},"end":{"line":103,"column":7}},"line":101},"14":{"name":"(anonymous_14)","decl":{"start":{"line":105,"column":26},"end":{"line":105,"column":27}},"loc":{"start":{"line":105,"column":45},"end":{"line":107,"column":7}},"line":105},"15":{"name":"(anonymous_15)","decl":{"start":{"line":110,"column":11},"end":{"line":110,"column":12}},"loc":{"start":{"line":110,"column":17},"end":{"line":115,"column":5}},"line":110},"16":{"name":"(anonymous_16)","decl":{"start":{"line":118,"column":12},"end":{"line":118,"column":13}},"loc":{"start":{"line":118,"column":18},"end":{"line":145,"column":3}},"line":118},"17":{"name":"(anonymous_17)","decl":{"start":{"line":139,"column":32},"end":{"line":139,"column":33}},"loc":{"start":{"line":139,"column":43},"end":{"line":139,"column":52}},"line":139},"18":{"name":"(anonymous_18)","decl":{"start":{"line":140,"column":32},"end":{"line":140,"column":33}},"loc":{"start":{"line":140,"column":43},"end":{"line":140,"column":52}},"line":140},"19":{"name":"(anonymous_19)","decl":{"start":{"line":147,"column":12},"end":{"line":147,"column":13}},"loc":{"start":{"line":147,"column":18},"end":{"line":161,"column":3}},"line":147},"20":{"name":"(anonymous_20)","decl":{"start":{"line":154,"column":15},"end":{"line":154,"column":16}},"loc":{"start":{"line":154,"column":29},"end":{"line":154,"column":41}},"line":154},"21":{"name":"(anonymous_21)","decl":{"start":{"line":225,"column":17},"end":{"line":225,"column":18}},"loc":{"start":{"line":225,"column":23},"end":{"line":227,"column":9}},"line":225}},"branchMap":{"0":{"loc":{"start":{"line":8,"column":49},"end":{"line":8,"column":84}},"type":"cond-expr","locations":[{"start":{"line":8,"column":69},"end":{"line":8,"column":77}},{"start":{"line":8,"column":80},"end":{"line":8,"column":84}}],"line":8},"1":{"loc":{"start":{"line":9,"column":49},"end":{"line":9,"column":87}},"type":"cond-expr","locations":[{"start":{"line":9,"column":69},"end":{"line":9,"column":80}},{"start":{"line":9,"column":83},"end":{"line":9,"column":87}}],"line":9},"2":{"loc":{"start":{"line":13,"column":43},"end":{"line":13,"column":75}},"type":"cond-expr","locations":[{"start":{"line":13,"column":63},"end":{"line":13,"column":68}},{"start":{"line":13,"column":71},"end":{"line":13,"column":75}}],"line":13},"3":{"loc":{"start":{"line":16,"column":59},"end":{"line":16,"column":91}},"type":"cond-expr","locations":[{"start":{"line":16,"column":79},"end":{"line":16,"column":84}},{"start":{"line":16,"column":87},"end":{"line":16,"column":91}}],"line":16},"4":{"loc":{"start":{"line":25,"column":11},"end":{"line":25,"column":58}},"type":"cond-expr","locations":[{"start":{"line":25,"column":33},"end":{"line":25,"column":44}},{"start":{"line":25,"column":47},"end":{"line":25,"column":58}}],"line":25},"5":{"loc":{"start":{"line":43,"column":4},"end":{"line":43,"column":78}},"type":"if","locations":[{"start":{"line":43,"column":4},"end":{"line":43,"column":78}},{"start":{"line":43,"column":4},"end":{"line":43,"column":78}}],"line":43},"6":{"loc":{"start":{"line":43,"column":8},"end":{"line":43,"column":29}},"type":"binary-expr","locations":[{"start":{"line":43,"column":8},"end":{"line":43,"column":13}},{"start":{"line":43,"column":17},"end":{"line":43,"column":29}}],"line":43},"7":{"loc":{"start":{"line":44,"column":4},"end":{"line":46,"column":5}},"type":"if","locations":[{"start":{"line":44,"column":4},"end":{"line":46,"column":5}},{"start":{"line":44,"column":4},"end":{"line":46,"column":5}}],"line":44},"8":{"loc":{"start":{"line":51,"column":4},"end":{"line":96,"column":5}},"type":"if","locations":[{"start":{"line":51,"column":4},"end":{"line":96,"column":5}},{"start":{"line":51,"column":4},"end":{"line":96,"column":5}}],"line":51},"9":{"loc":{"start":{"line":54,"column":8},"end":{"line":54,"column":42}},"type":"binary-expr","locations":[{"start":{"line":54,"column":8},"end":{"line":54,"column":15}},{"start":{"line":54,"column":19},"end":{"line":54,"column":42}}],"line":54},"10":{"loc":{"start":{"line":55,"column":8},"end":{"line":55,"column":42}},"type":"binary-expr","locations":[{"start":{"line":55,"column":8},"end":{"line":55,"column":15}},{"start":{"line":55,"column":19},"end":{"line":55,"column":42}}],"line":55},"11":{"loc":{"start":{"line":56,"column":8},"end":{"line":63,"column":9}},"type":"if","locations":[{"start":{"line":56,"column":8},"end":{"line":63,"column":9}},{"start":{"line":56,"column":8},"end":{"line":63,"column":9}}],"line":56},"12":{"loc":{"start":{"line":56,"column":12},"end":{"line":56,"column":30}},"type":"binary-expr","locations":[{"start":{"line":56,"column":12},"end":{"line":56,"column":19}},{"start":{"line":56,"column":23},"end":{"line":56,"column":30}}],"line":56},"13":{"loc":{"start":{"line":81,"column":8},"end":{"line":81,"column":65}},"type":"cond-expr","locations":[{"start":{"line":81,"column":26},"end":{"line":81,"column":44}},{"start":{"line":81,"column":47},"end":{"line":81,"column":65}}],"line":81},"14":{"loc":{"start":{"line":88,"column":8},"end":{"line":94,"column":9}},"type":"if","locations":[{"start":{"line":88,"column":8},"end":{"line":94,"column":9}},{"start":{"line":88,"column":8},"end":{"line":94,"column":9}}],"line":88},"15":{"loc":{"start":{"line":100,"column":4},"end":{"line":108,"column":5}},"type":"if","locations":[{"start":{"line":100,"column":4},"end":{"line":108,"column":5}},{"start":{"line":100,"column":4},"end":{"line":108,"column":5}}],"line":100},"16":{"loc":{"start":{"line":111,"column":6},"end":{"line":114,"column":7}},"type":"if","locations":[{"start":{"line":111,"column":6},"end":{"line":114,"column":7}},{"start":{"line":111,"column":6},"end":{"line":114,"column":7}}],"line":111},"17":{"loc":{"start":{"line":119,"column":4},"end":{"line":144,"column":5}},"type":"if","locations":[{"start":{"line":119,"column":4},"end":{"line":144,"column":5}},{"start":{"line":119,"column":4},"end":{"line":144,"column":5}}],"line":119},"18":{"loc":{"start":{"line":120,"column":6},"end":{"line":127,"column":7}},"type":"if","locations":[{"start":{"line":120,"column":6},"end":{"line":127,"column":7}},{"start":{"line":120,"column":6},"end":{"line":127,"column":7}}],"line":120},"19":{"loc":{"start":{"line":123,"column":13},"end":{"line":127,"column":7}},"type":"if","locations":[{"start":{"line":123,"column":13},"end":{"line":127,"column":7}},{"start":{"line":123,"column":13},"end":{"line":127,"column":7}}],"line":123},"20":{"loc":{"start":{"line":129,"column":6},"end":{"line":131,"column":7}},"type":"if","locations":[{"start":{"line":129,"column":6},"end":{"line":131,"column":7}},{"start":{"line":129,"column":6},"end":{"line":131,"column":7}}],"line":129},"21":{"loc":{"start":{"line":129,"column":10},"end":{"line":129,"column":60}},"type":"binary-expr","locations":[{"start":{"line":129,"column":10},"end":{"line":129,"column":39}},{"start":{"line":129,"column":43},"end":{"line":129,"column":60}}],"line":129},"22":{"loc":{"start":{"line":132,"column":6},"end":{"line":135,"column":7}},"type":"if","locations":[{"start":{"line":132,"column":6},"end":{"line":135,"column":7}},{"start":{"line":132,"column":6},"end":{"line":135,"column":7}}],"line":132},"23":{"loc":{"start":{"line":132,"column":10},"end":{"line":132,"column":59}},"type":"binary-expr","locations":[{"start":{"line":132,"column":10},"end":{"line":132,"column":26}},{"start":{"line":132,"column":30},"end":{"line":132,"column":59}}],"line":132},"24":{"loc":{"start":{"line":136,"column":6},"end":{"line":138,"column":56}},"type":"cond-expr","locations":[{"start":{"line":137,"column":10},"end":{"line":137,"column":82}},{"start":{"line":138,"column":10},"end":{"line":138,"column":56}}],"line":136},"25":{"loc":{"start":{"line":139,"column":6},"end":{"line":139,"column":53}},"type":"binary-expr","locations":[{"start":{"line":139,"column":6},"end":{"line":139,"column":18}},{"start":{"line":139,"column":22},"end":{"line":139,"column":53}}],"line":139},"26":{"loc":{"start":{"line":140,"column":6},"end":{"line":140,"column":53}},"type":"binary-expr","locations":[{"start":{"line":140,"column":6},"end":{"line":140,"column":18}},{"start":{"line":140,"column":22},"end":{"line":140,"column":53}}],"line":140},"27":{"loc":{"start":{"line":148,"column":4},"end":{"line":160,"column":5}},"type":"if","locations":[{"start":{"line":148,"column":4},"end":{"line":160,"column":5}},{"start":{"line":148,"column":4},"end":{"line":160,"column":5}}],"line":148},"28":{"loc":{"start":{"line":150,"column":6},"end":{"line":151,"column":55}},"type":"if","locations":[{"start":{"line":150,"column":6},"end":{"line":151,"column":55}},{"start":{"line":150,"column":6},"end":{"line":151,"column":55}}],"line":150},"29":{"loc":{"start":{"line":150,"column":10},"end":{"line":150,"column":68}},"type":"binary-expr","locations":[{"start":{"line":150,"column":10},"end":{"line":150,"column":19}},{"start":{"line":150,"column":23},"end":{"line":150,"column":35}},{"start":{"line":150,"column":39},"end":{"line":150,"column":68}}],"line":150},"30":{"loc":{"start":{"line":165,"column":7},"end":{"line":174,"column":7}},"type":"binary-expr","locations":[{"start":{"line":165,"column":7},"end":{"line":165,"column":16}},{"start":{"line":166,"column":8},"end":{"line":173,"column":14}}],"line":165},"31":{"loc":{"start":{"line":194,"column":13},"end":{"line":194,"column":53}},"type":"cond-expr","locations":[{"start":{"line":194,"column":27},"end":{"line":194,"column":38}},{"start":{"line":194,"column":41},"end":{"line":194,"column":53}}],"line":194},"32":{"loc":{"start":{"line":198,"column":13},"end":{"line":198,"column":53}},"type":"cond-expr","locations":[{"start":{"line":198,"column":27},"end":{"line":198,"column":38}},{"start":{"line":198,"column":41},"end":{"line":198,"column":53}}],"line":198},"33":{"loc":{"start":{"line":226,"column":10},"end":{"line":226,"column":81}},"type":"binary-expr","locations":[{"start":{"line":226,"column":10},"end":{"line":226,"column":26}},{"start":{"line":226,"column":30},"end":{"line":226,"column":81}}],"line":226}},"s":{"0":50,"1":50,"2":50,"3":50,"4":50,"5":50,"6":50,"7":50,"8":50,"9":50,"10":50,"11":50,"12":50,"13":50,"14":50,"15":30,"16":50,"17":50,"18":50,"19":7,"20":7,"21":50,"22":5,"23":5,"24":50,"25":3,"26":3,"27":1,"28":3,"29":2,"30":3,"31":50,"32":21,"33":10,"34":10,"35":9,"36":9,"37":9,"38":8,"39":8,"40":8,"41":8,"42":8,"43":8,"44":10,"45":1,"46":1,"47":10,"48":1,"49":10,"50":8,"51":8,"52":10,"53":2,"54":2,"55":2,"56":2,"57":2,"58":10,"59":10,"60":10,"61":10,"62":10,"63":10,"64":10,"65":50,"66":21,"67":10,"68":1,"69":10,"70":1,"71":21,"72":21,"73":10,"74":10,"75":50,"76":50,"77":7,"78":2,"79":2,"80":5,"81":1,"82":4,"83":7,"84":6,"85":7,"86":1,"87":1,"88":7,"89":7,"90":2,"91":7,"92":4,"93":7,"94":7,"95":7,"96":50,"97":46,"98":4,"99":4,"100":1,"101":4,"102":4,"103":4,"104":4,"105":4,"106":4,"107":4,"108":4,"109":4,"110":50,"111":4},"f":{"0":50,"1":30,"2":7,"3":5,"4":3,"5":21,"6":9,"7":1,"8":1,"9":8,"10":2,"11":10,"12":21,"13":1,"14":1,"15":21,"16":50,"17":2,"18":4,"19":46,"20":4,"21":4},"b":{"0":[25,25],"1":[25,25],"2":[25,25],"3":[25,25],"4":[22,8],"5":[1,2],"6":[3,1],"7":[2,1],"8":[10,11],"9":[9,9],"10":[9,8],"11":[8,1],"12":[9,9],"13":[1,1],"14":[10,0],"15":[10,11],"16":[10,11],"17":[7,43],"18":[2,5],"19":[1,4],"20":[6,1],"21":[7,4],"22":[1,6],"23":[7,2],"24":[2,5],"25":[7,2],"26":[7,4],"27":[4,42],"28":[1,3],"29":[4,3,1],"30":[50,8],"31":[39,11],"32":[38,12],"33":[4,1]},"_coverageSchema":"1a1c01bbd47fc00a2c39e90264f33305004495a9","hash":"6edb6f42160b9e18a10775bcd08fca57cb2d2114"}
,"/Users/paulinez/connect-four-react/client/src/screen/Grid.js": {"path":"/Users/paulinez/connect-four-react/client/src/screen/Grid.js","statementMap":{"0":{"start":{"line":13,"column":20},"end":{"line":151,"column":1}},"1":{"start":{"line":25,"column":28},"end":{"line":25,"column":49}},"2":{"start":{"line":26,"column":36},"end":{"line":26,"column":61}},"3":{"start":{"line":27,"column":30},"end":{"line":27,"column":72}},"4":{"start":{"line":29,"column":28},"end":{"line":32,"column":5}},"5":{"start":{"line":30,"column":13},"end":{"line":30,"column":56}},"6":{"start":{"line":34,"column":32},"end":{"line":37,"column":5}},"7":{"start":{"line":35,"column":13},"end":{"line":35,"column":56}},"8":{"start":{"line":39,"column":19},"end":{"line":39,"column":44}},"9":{"start":{"line":40,"column":4},"end":{"line":43,"column":8}},"10":{"start":{"line":40,"column":36},"end":{"line":43,"column":5}},"11":{"start":{"line":45,"column":22},"end":{"line":53,"column":5}},"12":{"start":{"line":46,"column":6},"end":{"line":46,"column":27}},"13":{"start":{"line":47,"column":6},"end":{"line":47,"column":35}},"14":{"start":{"line":48,"column":6},"end":{"line":52,"column":7}},"15":{"start":{"line":49,"column":8},"end":{"line":51,"column":16}},"16":{"start":{"line":50,"column":10},"end":{"line":50,"column":53}},"17":{"start":{"line":55,"column":25},"end":{"line":70,"column":5}},"18":{"start":{"line":56,"column":22},"end":{"line":56,"column":50}},"19":{"start":{"line":56,"column":40},"end":{"line":56,"column":49}},"20":{"start":{"line":57,"column":26},"end":{"line":57,"column":44}},"21":{"start":{"line":58,"column":43},"end":{"line":58,"column":75}},"22":{"start":{"line":59,"column":6},"end":{"line":59,"column":46}},"23":{"start":{"line":60,"column":6},"end":{"line":60,"column":23}},"24":{"start":{"line":61,"column":21},"end":{"line":61,"column":69}},"25":{"start":{"line":62,"column":6},"end":{"line":69,"column":7}},"26":{"start":{"line":63,"column":8},"end":{"line":63,"column":31}},"27":{"start":{"line":65,"column":25},"end":{"line":65,"column":66}},"28":{"start":{"line":66,"column":8},"end":{"line":66,"column":45}},"29":{"start":{"line":67,"column":8},"end":{"line":67,"column":33}},"30":{"start":{"line":68,"column":8},"end":{"line":68,"column":23}},"31":{"start":{"line":72,"column":23},"end":{"line":99,"column":5}},"32":{"start":{"line":73,"column":6},"end":{"line":98,"column":7}},"33":{"start":{"line":74,"column":8},"end":{"line":74,"column":43}},"34":{"start":{"line":74,"column":36},"end":{"line":74,"column":43}},"35":{"start":{"line":76,"column":24},"end":{"line":76,"column":50}},"36":{"start":{"line":76,"column":40},"end":{"line":76,"column":49}},"37":{"start":{"line":77,"column":23},"end":{"line":77,"column":39}},"38":{"start":{"line":78,"column":8},"end":{"line":78,"column":48}},"39":{"start":{"line":79,"column":8},"end":{"line":79,"column":25}},"40":{"start":{"line":80,"column":23},"end":{"line":80,"column":59}},"41":{"start":{"line":81,"column":8},"end":{"line":95,"column":9}},"42":{"start":{"line":82,"column":10},"end":{"line":82,"column":90}},"43":{"start":{"line":83,"column":10},"end":{"line":83,"column":48}},"44":{"start":{"line":85,"column":10},"end":{"line":85,"column":26}},"45":{"start":{"line":86,"column":10},"end":{"line":86,"column":46}},"46":{"start":{"line":87,"column":27},"end":{"line":87,"column":56}},"47":{"start":{"line":88,"column":10},"end":{"line":88,"column":46}},"48":{"start":{"line":89,"column":10},"end":{"line":89,"column":40}},"49":{"start":{"line":90,"column":10},"end":{"line":94,"column":11}},"50":{"start":{"line":91,"column":12},"end":{"line":93,"column":20}},"51":{"start":{"line":92,"column":14},"end":{"line":92,"column":54}},"52":{"start":{"line":96,"column":8},"end":{"line":97,"column":92}},"53":{"start":{"line":101,"column":4},"end":{"line":124,"column":23}},"54":{"start":{"line":102,"column":6},"end":{"line":116,"column":7}},"55":{"start":{"line":103,"column":8},"end":{"line":103,"column":32}},"56":{"start":{"line":105,"column":8},"end":{"line":109,"column":11}},"57":{"start":{"line":106,"column":10},"end":{"line":106,"column":25}},"58":{"start":{"line":107,"column":10},"end":{"line":107,"column":31}},"59":{"start":{"line":108,"column":10},"end":{"line":108,"column":39}},"60":{"start":{"line":111,"column":8},"end":{"line":115,"column":11}},"61":{"start":{"line":112,"column":10},"end":{"line":112,"column":38}},"62":{"start":{"line":112,"column":23},"end":{"line":112,"column":38}},"63":{"start":{"line":113,"column":10},"end":{"line":113,"column":24}},"64":{"start":{"line":114,"column":10},"end":{"line":114,"column":32}},"65":{"start":{"line":118,"column":6},"end":{"line":123,"column":8}},"66":{"start":{"line":119,"column":8},"end":{"line":122,"column":9}},"67":{"start":{"line":120,"column":10},"end":{"line":120,"column":33}},"68":{"start":{"line":121,"column":10},"end":{"line":121,"column":36}},"69":{"start":{"line":126,"column":4},"end":{"line":149,"column":6}},"70":{"start":{"line":131,"column":12},"end":{"line":135,"column":18}},"71":{"start":{"line":133,"column":16},"end":{"line":133,"column":93}}},"fnMap":{"0":{"name":"(anonymous_0)","decl":{"start":{"line":14,"column":2},"end":{"line":14,"column":3}},"loc":{"start":{"line":14,"column":76},"end":{"line":150,"column":3}},"line":14},"1":{"name":"(anonymous_1)","decl":{"start":{"line":30,"column":6},"end":{"line":30,"column":7}},"loc":{"start":{"line":30,"column":13},"end":{"line":30,"column":56}},"line":30},"2":{"name":"(anonymous_2)","decl":{"start":{"line":35,"column":6},"end":{"line":35,"column":7}},"loc":{"start":{"line":35,"column":13},"end":{"line":35,"column":56}},"line":35},"3":{"name":"(anonymous_3)","decl":{"start":{"line":40,"column":29},"end":{"line":40,"column":30}},"loc":{"start":{"line":40,"column":36},"end":{"line":43,"column":5}},"line":40},"4":{"name":"(anonymous_4)","decl":{"start":{"line":45,"column":22},"end":{"line":45,"column":23}},"loc":{"start":{"line":45,"column":28},"end":{"line":53,"column":5}},"line":45},"5":{"name":"(anonymous_5)","decl":{"start":{"line":49,"column":19},"end":{"line":49,"column":20}},"loc":{"start":{"line":49,"column":25},"end":{"line":51,"column":9}},"line":49},"6":{"name":"(anonymous_6)","decl":{"start":{"line":55,"column":25},"end":{"line":55,"column":26}},"loc":{"start":{"line":55,"column":49},"end":{"line":70,"column":5}},"line":55},"7":{"name":"(anonymous_7)","decl":{"start":{"line":56,"column":33},"end":{"line":56,"column":34}},"loc":{"start":{"line":56,"column":40},"end":{"line":56,"column":49}},"line":56},"8":{"name":"(anonymous_8)","decl":{"start":{"line":72,"column":23},"end":{"line":72,"column":24}},"loc":{"start":{"line":72,"column":35},"end":{"line":99,"column":5}},"line":72},"9":{"name":"(anonymous_9)","decl":{"start":{"line":76,"column":33},"end":{"line":76,"column":34}},"loc":{"start":{"line":76,"column":40},"end":{"line":76,"column":49}},"line":76},"10":{"name":"(anonymous_10)","decl":{"start":{"line":91,"column":23},"end":{"line":91,"column":24}},"loc":{"start":{"line":91,"column":29},"end":{"line":93,"column":13}},"line":91},"11":{"name":"(anonymous_11)","decl":{"start":{"line":101,"column":14},"end":{"line":101,"column":15}},"loc":{"start":{"line":101,"column":20},"end":{"line":124,"column":5}},"line":101},"12":{"name":"(anonymous_12)","decl":{"start":{"line":105,"column":30},"end":{"line":105,"column":31}},"loc":{"start":{"line":105,"column":36},"end":{"line":109,"column":9}},"line":105},"13":{"name":"(anonymous_13)","decl":{"start":{"line":111,"column":33},"end":{"line":111,"column":34}},"loc":{"start":{"line":111,"column":65},"end":{"line":115,"column":9}},"line":111},"14":{"name":"(anonymous_14)","decl":{"start":{"line":118,"column":13},"end":{"line":118,"column":14}},"loc":{"start":{"line":118,"column":19},"end":{"line":123,"column":7}},"line":118},"15":{"name":"(anonymous_15)","decl":{"start":{"line":130,"column":20},"end":{"line":130,"column":21}},"loc":{"start":{"line":131,"column":12},"end":{"line":135,"column":18}},"line":131},"16":{"name":"(anonymous_16)","decl":{"start":{"line":132,"column":23},"end":{"line":132,"column":24}},"loc":{"start":{"line":133,"column":16},"end":{"line":133,"column":93}},"line":133}},"branchMap":{"0":{"loc":{"start":{"line":27,"column":39},"end":{"line":27,"column":71}},"type":"cond-expr","locations":[{"start":{"line":27,"column":59},"end":{"line":27,"column":63}},{"start":{"line":27,"column":66},"end":{"line":27,"column":71}}],"line":27},"1":{"loc":{"start":{"line":30,"column":13},"end":{"line":30,"column":56}},"type":"cond-expr","locations":[{"start":{"line":30,"column":35},"end":{"line":30,"column":44}},{"start":{"line":30,"column":47},"end":{"line":30,"column":56}}],"line":30},"2":{"loc":{"start":{"line":35,"column":13},"end":{"line":35,"column":56}},"type":"cond-expr","locations":[{"start":{"line":35,"column":35},"end":{"line":35,"column":44}},{"start":{"line":35,"column":47},"end":{"line":35,"column":56}}],"line":35},"3":{"loc":{"start":{"line":48,"column":6},"end":{"line":52,"column":7}},"type":"if","locations":[{"start":{"line":48,"column":6},"end":{"line":52,"column":7}},{"start":{"line":48,"column":6},"end":{"line":52,"column":7}}],"line":48},"4":{"loc":{"start":{"line":48,"column":10},"end":{"line":48,"column":37}},"type":"binary-expr","locations":[{"start":{"line":48,"column":10},"end":{"line":48,"column":27}},{"start":{"line":48,"column":31},"end":{"line":48,"column":37}}],"line":48},"5":{"loc":{"start":{"line":62,"column":6},"end":{"line":69,"column":7}},"type":"if","locations":[{"start":{"line":62,"column":6},"end":{"line":69,"column":7}},{"start":{"line":62,"column":6},"end":{"line":69,"column":7}}],"line":62},"6":{"loc":{"start":{"line":65,"column":25},"end":{"line":65,"column":66}},"type":"cond-expr","locations":[{"start":{"line":65,"column":46},"end":{"line":65,"column":47}},{"start":{"line":65,"column":50},"end":{"line":65,"column":66}}],"line":65},"7":{"loc":{"start":{"line":73,"column":6},"end":{"line":98,"column":7}},"type":"if","locations":[{"start":{"line":73,"column":6},"end":{"line":98,"column":7}},{"start":{"line":73,"column":6},"end":{"line":98,"column":7}}],"line":73},"8":{"loc":{"start":{"line":73,"column":10},"end":{"line":73,"column":28}},"type":"binary-expr","locations":[{"start":{"line":73,"column":10},"end":{"line":73,"column":19}},{"start":{"line":73,"column":23},"end":{"line":73,"column":28}}],"line":73},"9":{"loc":{"start":{"line":74,"column":8},"end":{"line":74,"column":43}},"type":"if","locations":[{"start":{"line":74,"column":8},"end":{"line":74,"column":43}},{"start":{"line":74,"column":8},"end":{"line":74,"column":43}}],"line":74},"10":{"loc":{"start":{"line":81,"column":8},"end":{"line":95,"column":9}},"type":"if","locations":[{"start":{"line":81,"column":8},"end":{"line":95,"column":9}},{"start":{"line":81,"column":8},"end":{"line":95,"column":9}}],"line":81},"11":{"loc":{"start":{"line":82,"column":10},"end":{"line":82,"column":89}},"type":"binary-expr","locations":[{"start":{"line":82,"column":10},"end":{"line":82,"column":26}},{"start":{"line":82,"column":30},"end":{"line":82,"column":89}}],"line":82},"12":{"loc":{"start":{"line":87,"column":27},"end":{"line":87,"column":56}},"type":"cond-expr","locations":[{"start":{"line":87,"column":42},"end":{"line":87,"column":43}},{"start":{"line":87,"column":46},"end":{"line":87,"column":56}}],"line":87},"13":{"loc":{"start":{"line":90,"column":10},"end":{"line":94,"column":11}},"type":"if","locations":[{"start":{"line":90,"column":10},"end":{"line":94,"column":11}},{"start":{"line":90,"column":10},"end":{"line":94,"column":11}}],"line":90},"14":{"loc":{"start":{"line":96,"column":8},"end":{"line":97,"column":91}},"type":"binary-expr","locations":[{"start":{"line":96,"column":8},"end":{"line":96,"column":24}},{"start":{"line":97,"column":10},"end":{"line":97,"column":91}}],"line":96},"15":{"loc":{"start":{"line":102,"column":6},"end":{"line":116,"column":7}},"type":"if","locations":[{"start":{"line":102,"column":6},"end":{"line":116,"column":7}},{"start":{"line":102,"column":6},"end":{"line":116,"column":7}}],"line":102},"16":{"loc":{"start":{"line":112,"column":10},"end":{"line":112,"column":38}},"type":"if","locations":[{"start":{"line":112,"column":10},"end":{"line":112,"column":38}},{"start":{"line":112,"column":10},"end":{"line":112,"column":38}}],"line":112},"17":{"loc":{"start":{"line":119,"column":8},"end":{"line":122,"column":9}},"type":"if","locations":[{"start":{"line":119,"column":8},"end":{"line":122,"column":9}},{"start":{"line":119,"column":8},"end":{"line":122,"column":9}}],"line":119},"18":{"loc":{"start":{"line":143,"column":26},"end":{"line":143,"column":71}},"type":"cond-expr","locations":[{"start":{"line":143,"column":34},"end":{"line":143,"column":49}},{"start":{"line":143,"column":52},"end":{"line":143,"column":71}}],"line":143},"19":{"loc":{"start":{"line":145,"column":11},"end":{"line":145,"column":61}},"type":"binary-expr","locations":[{"start":{"line":145,"column":11},"end":{"line":145,"column":24}},{"start":{"line":145,"column":28},"end":{"line":145,"column":61}}],"line":145},"20":{"loc":{"start":{"line":146,"column":11},"end":{"line":146,"column":81}},"type":"cond-expr","locations":[{"start":{"line":146,"column":22},"end":{"line":146,"column":24}},{"start":{"line":146,"column":27},"end":{"line":146,"column":81}}],"line":146},"21":{"loc":{"start":{"line":146,"column":27},"end":{"line":146,"column":81}},"type":"cond-expr","locations":[{"start":{"line":146,"column":35},"end":{"line":146,"column":46}},{"start":{"line":146,"column":49},"end":{"line":146,"column":81}}],"line":146}},"s":{"0":4,"1":60,"2":60,"3":60,"4":60,"5":21,"6":60,"7":21,"8":60,"9":60,"10":60,"11":60,"12":3,"13":3,"14":3,"15":2,"16":1,"17":60,"18":6,"19":36,"20":6,"21":6,"22":6,"23":6,"24":6,"25":6,"26":3,"27":3,"28":3,"29":3,"30":3,"31":60,"32":12,"33":12,"34":1,"35":11,"36":66,"37":11,"38":11,"39":11,"40":11,"41":11,"42":3,"43":3,"44":8,"45":8,"46":8,"47":8,"48":8,"49":8,"50":8,"51":5,"52":11,"53":60,"54":17,"55":6,"56":6,"57":5,"58":5,"59":5,"60":6,"61":2,"62":1,"63":2,"64":2,"65":17,"66":17,"67":6,"68":6,"69":60,"70":360,"71":2520},"f":{"0":60,"1":21,"2":21,"3":60,"4":3,"5":1,"6":6,"7":36,"8":12,"9":66,"10":5,"11":17,"12":5,"13":2,"14":17,"15":360,"16":2520},"b":{"0":[45,15],"1":[16,5],"2":[16,5],"3":[2,1],"4":[3,2],"5":[3,3],"6":[1,2],"7":[12,0],"8":[12,12],"9":[1,11],"10":[3,8],"11":[3,1],"12":[3,5],"13":[8,0],"14":[11,1],"15":[6,11],"16":[1,1],"17":[6,11],"18":[27,33],"19":[60,5],"20":[13,47],"21":[23,24]},"_coverageSchema":"1a1c01bbd47fc00a2c39e90264f33305004495a9","hash":"2192d4c3c3036fe90acca336906a5f186972467a"}
}
