TN:
SF:src/helper.js
FN:6,(anonymous_0)
FN:18,(anonymous_1)
FN:32,(anonymous_2)
FN:58,(anonymous_3)
FN:100,(anonymous_4)
FN:144,(anonymous_5)
FNF:6
FNH:6
FNDA:11,(anonymous_0)
FNDA:6,(anonymous_1)
FNDA:15095018,(anonymous_2)
FNDA:121759433,(anonymous_3)
FNDA:11,(anonymous_4)
FNDA:15094997,(anonymous_5)
DA:2,5
DA:3,5
DA:4,5
DA:6,5
DA:7,11
DA:8,11
DA:9,11
DA:10,64
DA:11,64
DA:13,11
DA:16,5
DA:18,5
DA:19,6
DA:20,6
DA:21,6
DA:22,6
DA:23,6
DA:24,38
DA:25,38
DA:27,6
DA:30,5
DA:32,5
DA:33,15095018
DA:35,15095018
DA:36,15095018
DA:37,15095018
DA:38,15095018
DA:41,15095018
DA:42,15095018
DA:43,15095018
DA:44,15095018
DA:47,15095018
DA:48,15095018
DA:49,15095018
DA:50,15095018
DA:51,15095018
DA:52,15095018
DA:53,15095018
DA:54,15095018
DA:56,15095018
DA:57,31456355
DA:58,121759433
DA:59,29783649
DA:61,29783649
DA:62,15095019
DA:65,29783649
DA:66,22365652
DA:69,29783649
DA:70,18229650
DA:73,29783649
DA:74,17631535
DA:77,29783649
DA:78,16535570
DA:81,29783649
DA:82,18305383
DA:85,29783649
DA:86,16267049
DA:89,29783649
DA:90,18301702
DA:92,29783649
DA:93,29783649
DA:94,29783649
DA:95,29783649
DA:97,13422312
DA:100,5
DA:102,11
DA:103,11
DA:104,11
DA:106,11
DA:108,11
DA:109,77
DA:110,64
DA:111,64
DA:112,64
DA:113,64
DA:114,64
DA:115,64
DA:116,64
DA:121,19
DA:122,19
DA:123,19
DA:124,19
DA:125,45
DA:126,25
DA:129,11
DA:141,11
DA:144,5
DA:145,15094997
DA:146,15094997
DA:148,1476001
DA:150,196697
DA:152,10
DA:154,13422289
DA:155,2319417
DA:156,2319417
DA:159,2319417
DA:160,1983983
DA:161,1983983
DA:162,1983983
DA:163,1983983
DA:164,13887881
DA:165,12914317
DA:166,12914317
DA:167,12914317
DA:168,12914317
DA:169,12914317
DA:170,12914317
DA:171,12914317
DA:176,2683346
DA:177,2683346
DA:178,2683346
DA:181,1983983
DA:183,335434
DA:184,335434
DA:185,335434
DA:186,335434
DA:187,2348038
DA:188,2180616
DA:189,2180616
DA:190,2180616
DA:191,2180616
DA:192,2180616
DA:193,2180616
DA:194,2180616
DA:199,554797
DA:200,554797
DA:201,554797
DA:204,335434
LF:128
LH:128
BRDA:6,0,0,10
BRDA:6,1,0,10
BRDA:56,2,0,44878667
BRDA:56,2,1,29783648
BRDA:56,2,2,21390672
BRDA:56,2,3,18863950
BRDA:56,2,4,17179295
BRDA:56,2,5,16639945
BRDA:56,2,6,14956126
BRDA:56,2,7,14462719
BRDA:58,3,0,1672706
BRDA:58,3,1,29783649
BRDA:61,4,0,15095019
BRDA:61,4,1,14688630
BRDA:62,5,0,1
BRDA:62,5,1,15095018
BRDA:65,6,0,22365652
BRDA:65,6,1,7417997
BRDA:66,7,0,8392977
BRDA:66,7,1,13972675
BRDA:69,8,0,18229650
BRDA:69,8,1,11553999
BRDA:70,9,0,3313280
BRDA:70,9,1,14916370
BRDA:73,10,0,17631535
BRDA:73,10,1,12152114
BRDA:74,11,0,2709822
BRDA:74,11,1,14921713
BRDA:77,12,0,16535570
BRDA:77,12,1,13248079
BRDA:78,13,0,1477005
BRDA:78,13,1,15058565
BRDA:81,14,0,18305383
BRDA:81,14,1,11478266
BRDA:82,15,0,3240569
BRDA:82,15,1,15064814
BRDA:85,16,0,16267049
BRDA:85,16,1,13516600
BRDA:86,17,0,1282262
BRDA:86,17,1,14984787
BRDA:89,18,0,18301702
BRDA:89,18,1,11481947
BRDA:90,19,0,3269305
BRDA:90,19,1,15032397
BRDA:97,20,0,12
BRDA:97,20,1,13422300
BRDA:97,21,0,13422312
BRDA:97,21,1,1000016
BRDA:109,22,0,13
BRDA:109,22,1,64
BRDA:116,23,0,19
BRDA:116,23,1,45
BRDA:117,24,0,64
BRDA:117,24,1,49
BRDA:117,24,2,28
BRDA:117,24,3,28
BRDA:117,24,4,46
BRDA:117,24,5,27
BRDA:117,24,6,2
BRDA:125,25,0,25
BRDA:125,25,1,20
BRDA:125,26,0,45
BRDA:125,26,1,26
BRDA:146,27,0,1476001
BRDA:146,27,1,196697
BRDA:146,27,2,10
BRDA:146,27,3,13422289
BRDA:154,28,0,11102872
BRDA:154,28,1,2319417
BRDA:155,29,0,180734
BRDA:155,29,1,2138683
BRDA:159,30,0,1983983
BRDA:159,30,1,335434
BRDA:164,31,0,973564
BRDA:164,31,1,12914317
BRDA:171,32,0,2683346
BRDA:171,32,1,10230971
BRDA:172,33,0,12914317
BRDA:172,33,1,10234769
BRDA:172,33,2,6297421
BRDA:172,33,3,3805
BRDA:172,33,4,10230978
BRDA:172,33,5,6293630
BRDA:172,33,6,12062
BRDA:187,34,0,167422
BRDA:187,34,1,2180616
BRDA:194,35,0,554797
BRDA:194,35,1,1625819
BRDA:195,36,0,2180616
BRDA:195,36,1,1626752
BRDA:195,36,2,883812
BRDA:195,36,3,920
BRDA:195,36,4,1626537
BRDA:195,36,5,883597
BRDA:195,36,6,936
BRF:95
BRH:95
end_of_record
TN:
SF:src/UI/CustomButton.js
FN:4,CustomButton
FN:13,(anonymous_1)
FNF:2
FNH:2
FNDA:112,CustomButton
FNDA:11,(anonymous_1)
DA:5,112
DA:13,11
LF:2
LH:2
BRDA:7,0,0,8
BRDA:7,0,1,104
BRDA:10,1,0,8
BRDA:10,1,1,104
BRDA:13,2,0,11
BRDA:13,2,1,11
BRF:6
BRH:6
end_of_record
TN:
SF:src/UI/Square.js
FN:3,Square
FN:5,(anonymous_1)
FNF:2
FNH:2
FNDA:1848,Square
FNDA:11,(anonymous_1)
DA:4,1848
DA:5,11
LF:2
LH:2
BRDA:9,0,0,750
BRDA:9,0,1,1098
BRF:2
BRH:2
end_of_record
TN:
SF:src/contexts/socket.js
FNF:0
FNH:0
DA:3,5
DA:4,5
LF:2
LH:2
BRF:0
BRH:0
end_of_record
TN:
SF:src/screen/Dashboard.js
FN:8,Dashboard
FN:15,(anonymous_1)
FN:25,(anonymous_2)
FN:29,(anonymous_3)
FNF:4
FNH:4
FNDA:9,Dashboard
FNDA:2,(anonymous_1)
FNDA:1,(anonymous_2)
FNDA:1,(anonymous_3)
DA:9,9
DA:10,9
DA:11,9
DA:12,9
DA:13,9
DA:15,9
DA:16,2
DA:17,2
DA:18,2
DA:19,1
DA:21,1
DA:25,9
DA:26,1
DA:29,9
DA:30,1
DA:33,9
LF:16
LH:16
BRDA:12,0,0,9
BRDA:12,0,1,9
BRDA:35,1,0,1
BRDA:35,1,1,8
BRDA:53,2,0,6
BRDA:53,2,1,2
BRDA:56,3,0,6
BRDA:56,3,1,2
BRDA:59,4,0,8
BRDA:59,4,1,1
BRF:10
BRH:10
end_of_record
TN:
SF:src/screen/Game.js
FN:7,Game
FN:25,(anonymous_1)
FN:31,(anonymous_2)
FN:36,(anonymous_3)
FN:41,(anonymous_4)
FN:53,(anonymous_5)
FN:56,(anonymous_6)
FN:69,(anonymous_7)
FN:74,(anonymous_8)
FN:78,(anonymous_9)
FN:83,(anonymous_10)
FN:90,(anonymous_11)
FN:103,(anonymous_12)
FN:105,(anonymous_13)
FN:109,(anonymous_14)
FN:114,(anonymous_15)
FN:122,(anonymous_16)
FN:141,(anonymous_17)
FN:142,(anonymous_18)
FN:149,(anonymous_19)
FN:155,(anonymous_20)
FN:216,(anonymous_21)
FNF:22
FNH:21
FNDA:40,Game
FNDA:22,(anonymous_1)
FNDA:5,(anonymous_2)
FNDA:5,(anonymous_3)
FNDA:3,(anonymous_4)
FNDA:17,(anonymous_5)
FNDA:5,(anonymous_6)
FNDA:1,(anonymous_7)
FNDA:1,(anonymous_8)
FNDA:4,(anonymous_9)
FNDA:2,(anonymous_10)
FNDA:6,(anonymous_11)
FNDA:17,(anonymous_12)
FNDA:0,(anonymous_13)
FNDA:1,(anonymous_14)
FNDA:17,(anonymous_15)
FNDA:40,(anonymous_16)
FNDA:1,(anonymous_17)
FNDA:3,(anonymous_18)
FNDA:36,(anonymous_19)
FNDA:4,(anonymous_20)
FNDA:4,(anonymous_21)
DA:8,40
DA:9,40
DA:10,40
DA:11,40
DA:12,40
DA:13,40
DA:14,40
DA:15,40
DA:16,40
DA:17,40
DA:18,40
DA:20,40
DA:21,40
DA:22,40
DA:24,40
DA:25,22
DA:28,40
DA:29,40
DA:31,40
DA:32,5
DA:33,5
DA:36,40
DA:37,5
DA:38,5
DA:41,40
DA:42,3
DA:43,3
DA:44,3
DA:45,2
DA:50,3
DA:53,40
DA:54,17
DA:55,6
DA:56,6
DA:57,5
DA:58,5
DA:59,5
DA:60,4
DA:61,4
DA:62,4
DA:63,4
DA:64,4
DA:65,4
DA:69,6
DA:70,1
DA:71,1
DA:74,6
DA:75,1
DA:78,6
DA:79,4
DA:80,4
DA:83,6
DA:84,2
DA:85,2
DA:86,2
DA:87,2
DA:88,2
DA:90,6
DA:91,6
DA:92,6
DA:93,6
DA:94,6
DA:95,6
DA:96,6
DA:103,40
DA:104,17
DA:105,6
DA:106,0
DA:109,6
DA:110,1
DA:114,17
DA:115,17
DA:116,6
DA:117,6
DA:122,40
DA:123,40
DA:124,5
DA:125,1
DA:126,1
DA:127,4
DA:128,1
DA:130,3
DA:133,5
DA:134,5
DA:136,5
DA:137,0
DA:138,0
DA:140,5
DA:141,5
DA:142,5
DA:143,5
DA:144,5
DA:145,5
DA:149,40
DA:150,36
DA:151,4
DA:152,4
DA:153,4
DA:154,4
DA:155,4
DA:156,4
DA:157,4
DA:158,4
DA:159,4
DA:160,4
DA:164,40
DA:217,4
LF:107
LH:104
BRDA:8,0,0,25
BRDA:8,0,1,15
BRDA:9,1,0,25
BRDA:9,1,1,15
BRDA:13,2,0,25
BRDA:13,2,1,15
BRDA:16,3,0,25
BRDA:16,3,1,15
BRDA:25,4,0,18
BRDA:25,4,1,4
BRDA:43,5,0,1
BRDA:43,5,1,2
BRDA:43,6,0,3
BRDA:43,6,1,1
BRDA:44,7,0,2
BRDA:44,7,1,1
BRDA:54,8,0,6
BRDA:54,8,1,11
BRDA:57,9,0,5
BRDA:57,9,1,5
BRDA:58,10,0,5
BRDA:58,10,1,4
BRDA:59,11,0,4
BRDA:59,11,1,1
BRDA:59,12,0,5
BRDA:59,12,1,5
BRDA:84,13,0,1
BRDA:84,13,1,1
BRDA:91,14,0,6
BRDA:91,14,1,0
BRDA:104,15,0,6
BRDA:104,15,1,11
BRDA:115,16,0,6
BRDA:115,16,1,11
BRDA:123,17,0,5
BRDA:123,17,1,35
BRDA:124,18,0,1
BRDA:124,18,1,4
BRDA:127,19,0,1
BRDA:127,19,1,3
BRDA:133,20,0,5
BRDA:133,20,1,0
BRDA:133,21,0,5
BRDA:133,21,1,3
BRDA:136,22,0,0
BRDA:136,22,1,5
BRDA:136,23,0,5
BRDA:136,23,1,0
BRDA:140,24,0,1
BRDA:140,24,1,4
BRDA:141,25,0,5
BRDA:141,25,1,1
BRDA:142,26,0,5
BRDA:142,26,1,3
BRDA:150,27,0,4
BRDA:150,27,1,32
BRDA:152,28,0,1
BRDA:152,28,1,3
BRDA:152,29,0,4
BRDA:152,29,1,2
BRDA:152,29,2,1
BRDA:185,30,0,31
BRDA:185,30,1,9
BRDA:189,31,0,30
BRDA:189,31,1,10
BRDA:217,32,0,4
BRDA:217,32,1,1
BRF:67
BRH:63
end_of_record
TN:
SF:src/screen/Grid.js
FN:14,(anonymous_0)
FN:30,(anonymous_1)
FN:35,(anonymous_2)
FN:40,(anonymous_3)
FN:45,(anonymous_4)
FN:49,(anonymous_5)
FN:55,(anonymous_6)
FN:56,(anonymous_7)
FN:72,(anonymous_8)
FN:76,(anonymous_9)
FN:91,(anonymous_10)
FN:101,(anonymous_11)
FN:105,(anonymous_12)
FN:111,(anonymous_13)
FN:118,(anonymous_14)
FN:130,(anonymous_15)
FN:132,(anonymous_16)
FNF:17
FNH:15
FNDA:47,(anonymous_0)
FNDA:13,(anonymous_1)
FNDA:13,(anonymous_2)
FNDA:47,(anonymous_3)
FNDA:2,(anonymous_4)
FNDA:1,(anonymous_5)
FNDA:6,(anonymous_6)
FNDA:36,(anonymous_7)
FNDA:11,(anonymous_8)
FNDA:60,(anonymous_9)
FNDA:5,(anonymous_10)
FNDA:13,(anonymous_11)
FNDA:0,(anonymous_12)
FNDA:0,(anonymous_13)
FNDA:13,(anonymous_14)
FNDA:282,(anonymous_15)
FNDA:1974,(anonymous_16)
DA:13,3
DA:25,47
DA:26,47
DA:27,47
DA:29,47
DA:30,13
DA:34,47
DA:35,13
DA:39,47
DA:40,47
DA:45,47
DA:46,2
DA:47,2
DA:48,2
DA:49,2
DA:50,1
DA:55,47
DA:56,36
DA:57,6
DA:58,6
DA:59,6
DA:60,6
DA:61,6
DA:62,6
DA:63,3
DA:65,3
DA:66,3
DA:67,3
DA:68,3
DA:72,47
DA:73,11
DA:74,11
DA:76,60
DA:77,10
DA:78,10
DA:79,10
DA:80,10
DA:81,10
DA:82,2
DA:83,2
DA:85,8
DA:86,8
DA:87,8
DA:88,8
DA:89,8
DA:90,8
DA:91,8
DA:92,5
DA:96,10
DA:101,47
DA:102,13
DA:103,2
DA:105,2
DA:106,0
DA:107,0
DA:108,0
DA:111,2
DA:112,0
DA:113,0
DA:114,0
DA:118,13
DA:119,13
DA:120,2
DA:121,2
DA:126,47
DA:131,282
DA:133,1974
LF:67
LH:61
BRDA:27,0,0,45
BRDA:27,0,1,2
BRDA:30,1,0,12
BRDA:30,1,1,1
BRDA:35,2,0,12
BRDA:35,2,1,1
BRDA:48,3,0,2
BRDA:48,3,1,0
BRDA:48,4,0,2
BRDA:48,4,1,2
BRDA:62,5,0,3
BRDA:62,5,1,3
BRDA:65,6,0,1
BRDA:65,6,1,2
BRDA:73,7,0,11
BRDA:73,7,1,0
BRDA:73,8,0,11
BRDA:73,8,1,11
BRDA:74,9,0,1
BRDA:74,9,1,10
BRDA:81,10,0,2
BRDA:81,10,1,8
BRDA:82,11,0,2
BRDA:82,11,1,0
BRDA:87,12,0,3
BRDA:87,12,1,5
BRDA:90,13,0,8
BRDA:90,13,1,0
BRDA:96,14,0,10
BRDA:96,14,1,0
BRDA:102,15,0,2
BRDA:102,15,1,11
BRDA:112,16,0,0
BRDA:112,16,1,0
BRDA:119,17,0,2
BRDA:119,17,1,11
BRDA:143,18,0,18
BRDA:143,18,1,29
BRDA:145,19,0,47
BRDA:145,19,1,1
BRDA:146,20,0,7
BRDA:146,20,1,40
BRDA:146,21,0,16
BRDA:146,21,1,24
BRF:44
BRH:37
end_of_record
