TN:
SF:src/helper.js
FN:6,(anonymous_0)
FN:18,(anonymous_1)
FN:32,(anonymous_2)
FN:58,(anonymous_3)
FN:100,(anonymous_4)
FN:144,(anonymous_5)
FNF:6
FNH:6
FNDA:11,(anonymous_0)
FNDA:6,(anonymous_1)
FNDA:9275713,(anonymous_2)
FNDA:71967912,(anonymous_3)
FNDA:5,(anonymous_4)
FNDA:9275708,(anonymous_5)
DA:2,5
DA:3,5
DA:4,5
DA:6,5
DA:7,11
DA:8,11
DA:9,11
DA:10,64
DA:11,64
DA:13,11
DA:16,5
DA:18,5
DA:19,6
DA:20,6
DA:21,6
DA:22,6
DA:23,6
DA:24,38
DA:25,38
DA:27,6
DA:30,5
DA:32,5
DA:33,9275713
DA:35,9275713
DA:36,9275713
DA:37,9275713
DA:38,9275713
DA:41,9275713
DA:42,9275713
DA:43,9275713
DA:44,9275713
DA:47,9275713
DA:48,9275713
DA:49,9275713
DA:50,9275713
DA:51,9275713
DA:52,9275713
DA:53,9275713
DA:54,9275713
DA:56,9275713
DA:57,18526261
DA:58,71967912
DA:59,17717320
DA:61,17717320
DA:62,9275714
DA:65,17717320
DA:66,13553740
DA:69,17717320
DA:70,11482193
DA:73,17717320
DA:74,10358960
DA:77,17717320
DA:78,10375410
DA:81,17717320
DA:82,10657044
DA:85,17717320
DA:86,9660716
DA:89,17717320
DA:90,11593548
DA:92,17717320
DA:93,17717320
DA:94,17717320
DA:95,17717320
DA:97,8466772
DA:100,5
DA:102,5
DA:103,5
DA:104,5
DA:106,5
DA:108,5
DA:109,35
DA:110,25
DA:111,25
DA:112,25
DA:113,25
DA:114,25
DA:115,25
DA:116,25
DA:121,7
DA:122,7
DA:123,7
DA:124,7
DA:125,18
DA:126,1
DA:129,5
DA:141,5
DA:144,5
DA:145,9275708
DA:146,9275708
DA:148,714724
DA:150,94213
DA:152,10
DA:154,8466761
DA:155,1339772
DA:156,1339772
DA:159,1339772
DA:160,1159264
DA:161,1159264
DA:162,1159264
DA:163,1159264
DA:164,8114848
DA:165,8022231
DA:166,8022231
DA:167,8022231
DA:168,8022231
DA:169,8022231
DA:170,8022231
DA:171,8022231
DA:176,1267897
DA:177,1267897
DA:178,1267897
DA:181,1159264
DA:183,180508
DA:184,180508
DA:185,180508
DA:186,180508
DA:187,1263556
DA:188,1253452
DA:189,1253452
DA:190,1253452
DA:191,1253452
DA:192,1253452
DA:193,1253452
DA:194,1253452
DA:199,264952
DA:200,264952
DA:201,264952
DA:204,180508
LF:128
LH:128
BRDA:6,0,0,10
BRDA:6,1,0,10
BRDA:56,2,0,26993033
BRDA:56,2,1,17717319
BRDA:56,2,2,12841061
BRDA:56,2,3,10959809
BRDA:56,2,4,10323700
BRDA:56,2,5,9874657
BRDA:56,2,6,9239123
BRDA:56,2,7,9137215
BRDA:58,3,0,808941
BRDA:58,3,1,17717320
BRDA:61,4,0,9275714
BRDA:61,4,1,8441606
BRDA:62,5,0,1
BRDA:62,5,1,9275713
BRDA:65,6,0,13553740
BRDA:65,6,1,4163580
BRDA:66,7,0,4876259
BRDA:66,7,1,8677481
BRDA:69,8,0,11482193
BRDA:69,8,1,6235127
BRDA:70,9,0,2317650
BRDA:70,9,1,9164543
BRDA:73,10,0,10358960
BRDA:73,10,1,7358360
BRDA:74,11,0,1118135
BRDA:74,11,1,9240825
BRDA:77,12,0,10375410
BRDA:77,12,1,7341910
BRDA:78,13,0,1135145
BRDA:78,13,1,9240265
BRDA:81,14,0,10657044
BRDA:81,14,1,7060276
BRDA:82,15,0,1411471
BRDA:82,15,1,9245573
BRDA:85,16,0,9660716
BRDA:85,16,1,8056604
BRDA:86,17,0,385795
BRDA:86,17,1,9274921
BRDA:89,18,0,11593548
BRDA:89,18,1,6123772
BRDA:90,19,0,2324078
BRDA:90,19,1,9269470
BRDA:97,20,0,11
BRDA:97,20,1,8466761
BRDA:97,21,0,8466772
BRDA:97,21,1,354888
BRDA:109,22,0,10
BRDA:109,22,1,25
BRDA:116,23,0,7
BRDA:116,23,1,18
BRDA:117,24,0,25
BRDA:117,24,1,19
BRDA:117,24,2,1
BRDA:117,24,3,1
BRDA:117,24,4,19
BRDA:117,24,5,3
BRDA:117,24,6,2
BRDA:125,25,0,1
BRDA:125,25,1,17
BRDA:125,26,0,18
BRDA:125,26,1,2
BRDA:146,27,0,714724
BRDA:146,27,1,94213
BRDA:146,27,2,10
BRDA:146,27,3,8466761
BRDA:154,28,0,7126989
BRDA:154,28,1,1339772
BRDA:155,29,0,45388
BRDA:155,29,1,1294384
BRDA:159,30,0,1159264
BRDA:159,30,1,180508
BRDA:164,31,0,92617
BRDA:164,31,1,8022231
BRDA:171,32,0,1267897
BRDA:171,32,1,6754334
BRDA:172,33,0,8022231
BRDA:172,33,1,6754471
BRDA:172,33,2,3302023
BRDA:172,33,3,144
BRDA:172,33,4,6754341
BRDA:172,33,5,3301893
BRDA:172,33,6,7192
BRDA:187,34,0,10104
BRDA:187,34,1,1253452
BRDA:194,35,0,264952
BRDA:194,35,1,988500
BRDA:195,36,0,1253452
BRDA:195,36,1,989209
BRDA:195,36,2,381306
BRDA:195,36,3,704
BRDA:195,36,4,989206
BRDA:195,36,5,381303
BRDA:195,36,6,862
BRF:95
BRH:95
end_of_record
TN:
SF:src/UI/CustomButton.js
FN:4,CustomButton
FN:13,(anonymous_1)
FNF:2
FNH:2
FNDA:38,CustomButton
FNDA:4,(anonymous_1)
DA:5,38
DA:13,4
LF:2
LH:2
BRDA:7,0,0,4
BRDA:7,0,1,34
BRDA:10,1,0,4
BRDA:10,1,1,34
BRDA:13,2,0,4
BRDA:13,2,1,4
BRF:6
BRH:6
end_of_record
TN:
SF:src/UI/CustomLink.js
FN:4,CustomLink
FNF:1
FNH:1
FNDA:1,CustomLink
DA:5,1
LF:1
LH:1
BRF:0
BRH:0
end_of_record
TN:
SF:src/UI/Square.js
FN:3,Square
FN:5,(anonymous_1)
FNF:2
FNH:2
FNDA:2,Square
FNDA:1,(anonymous_1)
DA:4,2
DA:5,1
LF:2
LH:2
BRDA:9,0,0,1
BRDA:9,0,1,1
BRF:2
BRH:2
end_of_record
TN:
SF:src/contexts/socket.js
FNF:0
FNH:0
DA:3,4
DA:4,4
LF:2
LH:2
BRF:0
BRH:0
end_of_record
TN:
SF:src/screen/Dashboard.js
FN:8,Dashboard
FN:15,(anonymous_1)
FN:25,(anonymous_2)
FN:29,(anonymous_3)
FNF:4
FNH:2
FNDA:3,Dashboard
FNDA:1,(anonymous_1)
FNDA:0,(anonymous_2)
FNDA:0,(anonymous_3)
DA:9,3
DA:10,3
DA:11,3
DA:12,3
DA:13,3
DA:15,3
DA:16,1
DA:17,1
DA:18,1
DA:19,0
DA:21,1
DA:25,3
DA:26,0
DA:29,3
DA:30,0
DA:33,3
LF:16
LH:13
BRDA:12,0,0,3
BRDA:12,0,1,3
BRDA:35,1,0,0
BRDA:35,1,1,3
BRDA:53,2,0,1
BRDA:53,2,1,2
BRDA:56,3,0,1
BRDA:56,3,1,2
BRDA:59,4,0,3
BRDA:59,4,1,1
BRF:10
BRH:9
end_of_record
TN:
SF:src/screen/Game.js
FN:7,Game
FN:25,(anonymous_1)
FN:31,(anonymous_2)
FN:36,(anonymous_3)
FN:41,(anonymous_4)
FN:53,(anonymous_5)
FN:56,(anonymous_6)
FN:69,(anonymous_7)
FN:74,(anonymous_8)
FN:78,(anonymous_9)
FN:83,(anonymous_10)
FN:90,(anonymous_11)
FN:103,(anonymous_12)
FN:105,(anonymous_13)
FN:109,(anonymous_14)
FN:114,(anonymous_15)
FN:122,(anonymous_16)
FN:141,(anonymous_17)
FN:142,(anonymous_18)
FN:149,(anonymous_19)
FN:155,(anonymous_20)
FN:216,(anonymous_21)
FNF:22
FNH:17
FNDA:12,Game
FNDA:10,(anonymous_1)
FNDA:0,(anonymous_2)
FNDA:1,(anonymous_3)
FNDA:1,(anonymous_4)
FNDA:6,(anonymous_5)
FNDA:4,(anonymous_6)
FNDA:1,(anonymous_7)
FNDA:1,(anonymous_8)
FNDA:3,(anonymous_9)
FNDA:1,(anonymous_10)
FNDA:5,(anonymous_11)
FNDA:6,(anonymous_12)
FNDA:0,(anonymous_13)
FNDA:0,(anonymous_14)
FNDA:6,(anonymous_15)
FNDA:12,(anonymous_16)
FNDA:0,(anonymous_17)
FNDA:0,(anonymous_18)
FNDA:11,(anonymous_19)
FNDA:1,(anonymous_20)
FNDA:1,(anonymous_21)
DA:8,12
DA:9,12
DA:10,12
DA:11,12
DA:12,12
DA:13,12
DA:14,12
DA:15,12
DA:16,12
DA:17,12
DA:18,12
DA:20,12
DA:21,12
DA:22,12
DA:24,12
DA:25,10
DA:28,12
DA:29,12
DA:31,12
DA:32,0
DA:33,0
DA:36,12
DA:37,1
DA:38,1
DA:41,12
DA:42,1
DA:43,1
DA:44,1
DA:45,1
DA:53,12
DA:54,6
DA:55,5
DA:56,5
DA:57,4
DA:58,4
DA:59,4
DA:60,3
DA:61,3
DA:62,3
DA:63,3
DA:64,3
DA:65,3
DA:69,5
DA:70,1
DA:71,1
DA:74,5
DA:75,1
DA:78,5
DA:79,3
DA:80,3
DA:83,5
DA:84,1
DA:85,1
DA:86,1
DA:87,1
DA:88,1
DA:90,5
DA:91,5
DA:92,5
DA:93,5
DA:94,5
DA:95,5
DA:96,5
DA:103,12
DA:104,6
DA:105,5
DA:106,0
DA:109,5
DA:110,0
DA:114,6
DA:115,6
DA:116,5
DA:117,5
DA:122,12
DA:123,12
DA:124,0
DA:125,0
DA:126,0
DA:127,0
DA:128,0
DA:130,0
DA:133,0
DA:134,0
DA:136,0
DA:137,0
DA:138,0
DA:140,0
DA:141,0
DA:142,0
DA:143,0
DA:144,0
DA:145,0
DA:149,12
DA:150,11
DA:151,1
DA:152,1
DA:153,1
DA:154,1
DA:155,1
DA:156,1
DA:157,1
DA:158,1
DA:159,1
DA:160,1
DA:164,12
DA:217,1
LF:106
LH:85
BRDA:8,0,0,1
BRDA:8,0,1,11
BRDA:9,1,0,1
BRDA:9,1,1,11
BRDA:13,2,0,1
BRDA:13,2,1,11
BRDA:16,3,0,1
BRDA:16,3,1,11
BRDA:25,4,0,7
BRDA:25,4,1,3
BRDA:43,5,0,0
BRDA:43,5,1,1
BRDA:43,6,0,1
BRDA:43,6,1,0
BRDA:44,7,0,1
BRDA:44,7,1,0
BRDA:54,8,0,5
BRDA:54,8,1,1
BRDA:57,9,0,4
BRDA:57,9,1,4
BRDA:58,10,0,4
BRDA:58,10,1,3
BRDA:59,11,0,3
BRDA:59,11,1,1
BRDA:59,12,0,4
BRDA:59,12,1,4
BRDA:84,13,0,1
BRDA:84,13,1,0
BRDA:91,14,0,5
BRDA:91,14,1,0
BRDA:104,15,0,5
BRDA:104,15,1,1
BRDA:115,16,0,5
BRDA:115,16,1,1
BRDA:123,17,0,0
BRDA:123,17,1,12
BRDA:124,18,0,0
BRDA:124,18,1,0
BRDA:127,19,0,0
BRDA:127,19,1,0
BRDA:133,20,0,0
BRDA:133,20,1,0
BRDA:133,21,0,0
BRDA:133,21,1,0
BRDA:136,22,0,0
BRDA:136,22,1,0
BRDA:136,23,0,0
BRDA:136,23,1,0
BRDA:140,24,0,0
BRDA:140,24,1,0
BRDA:141,25,0,0
BRDA:141,25,1,0
BRDA:142,26,0,0
BRDA:142,26,1,0
BRDA:150,27,0,1
BRDA:150,27,1,10
BRDA:152,28,0,0
BRDA:152,28,1,1
BRDA:152,29,0,1
BRDA:152,29,1,1
BRDA:152,29,2,0
BRDA:185,30,0,6
BRDA:185,30,1,6
BRDA:189,31,0,6
BRDA:189,31,1,6
BRF:65
BRH:39
end_of_record
TN:
SF:src/screen/Grid.js
FN:14,(anonymous_0)
FN:30,(anonymous_1)
FN:35,(anonymous_2)
FN:40,(anonymous_3)
FN:45,(anonymous_4)
FN:49,(anonymous_5)
FN:55,(anonymous_6)
FN:56,(anonymous_7)
FN:72,(anonymous_8)
FN:76,(anonymous_9)
FN:91,(anonymous_10)
FN:101,(anonymous_11)
FN:105,(anonymous_12)
FN:111,(anonymous_13)
FN:118,(anonymous_14)
FN:130,(anonymous_15)
FN:132,(anonymous_16)
FNF:17
FNH:8
FNDA:3,(anonymous_0)
FNDA:3,(anonymous_1)
FNDA:3,(anonymous_2)
FNDA:3,(anonymous_3)
FNDA:0,(anonymous_4)
FNDA:0,(anonymous_5)
FNDA:0,(anonymous_6)
FNDA:0,(anonymous_7)
FNDA:0,(anonymous_8)
FNDA:0,(anonymous_9)
FNDA:0,(anonymous_10)
FNDA:3,(anonymous_11)
FNDA:0,(anonymous_12)
FNDA:0,(anonymous_13)
FNDA:3,(anonymous_14)
FNDA:18,(anonymous_15)
FNDA:126,(anonymous_16)
DA:13,3
DA:25,3
DA:26,3
DA:27,3
DA:29,3
DA:30,3
DA:34,3
DA:35,3
DA:39,3
DA:40,3
DA:45,3
DA:46,0
DA:47,0
DA:48,0
DA:49,0
DA:50,0
DA:55,3
DA:56,0
DA:57,0
DA:58,0
DA:59,0
DA:60,0
DA:61,0
DA:62,0
DA:63,0
DA:65,0
DA:66,0
DA:67,0
DA:68,0
DA:72,3
DA:73,0
DA:74,0
DA:76,0
DA:77,0
DA:78,0
DA:79,0
DA:80,0
DA:81,0
DA:82,0
DA:83,0
DA:85,0
DA:86,0
DA:87,0
DA:88,0
DA:89,0
DA:90,0
DA:91,0
DA:92,0
DA:96,0
DA:101,3
DA:102,3
DA:103,2
DA:105,2
DA:106,0
DA:107,0
DA:108,0
DA:111,2
DA:112,0
DA:113,0
DA:114,0
DA:118,3
DA:119,3
DA:120,2
DA:121,2
DA:126,3
DA:131,18
DA:133,126
LF:67
LH:25
BRDA:27,0,0,1
BRDA:27,0,1,2
BRDA:30,1,0,2
BRDA:30,1,1,1
BRDA:35,2,0,2
BRDA:35,2,1,1
BRDA:48,3,0,0
BRDA:48,3,1,0
BRDA:48,4,0,0
BRDA:48,4,1,0
BRDA:62,5,0,0
BRDA:62,5,1,0
BRDA:65,6,0,0
BRDA:65,6,1,0
BRDA:73,7,0,0
BRDA:73,7,1,0
BRDA:73,8,0,0
BRDA:73,8,1,0
BRDA:74,9,0,0
BRDA:74,9,1,0
BRDA:81,10,0,0
BRDA:81,10,1,0
BRDA:87,11,0,0
BRDA:87,11,1,0
BRDA:90,12,0,0
BRDA:90,12,1,0
BRDA:96,13,0,0
BRDA:96,13,1,0
BRDA:102,14,0,2
BRDA:102,14,1,1
BRDA:112,15,0,0
BRDA:112,15,1,0
BRDA:119,16,0,2
BRDA:119,16,1,1
BRDA:143,17,0,1
BRDA:143,17,1,2
BRDA:145,18,0,3
BRDA:145,18,1,1
BRDA:146,19,0,1
BRDA:146,19,1,2
BRDA:146,20,0,1
BRDA:146,20,1,1
BRF:42
BRH:18
end_of_record
